<testsuites id="" name="" tests="3" failures="3" skipped="0" errors="0" time="69.240436">
<testsuite name="copilot-everyday-workflows.spec.ts" timestamp="2026-01-14T09:51:51.697Z" hostname="chromium-staging" tests="3" failures="3" skipped="0" time="185.354" errors="0">
<testcase name="Copilot Everyday Workflows › Daily Focus Plan workflow - preview and confirm" classname="copilot-everyday-workflows.spec.ts" time="62.284">
<failure message="copilot-everyday-workflows.spec.ts:22:3 Daily Focus Plan workflow - preview and confirm" type="FAILURE">
<![CDATA[  [chromium-staging] › copilot-everyday-workflows.spec.ts:22:3 › Copilot Everyday Workflows › Daily Focus Plan workflow - preview and confirm 

    Test timeout of 30000ms exceeded while running "beforeEach" hook.

      2 |
      3 | test.describe('Copilot Everyday Workflows', () => {
    > 4 |   test.beforeEach(async ({ page }) => {
        |        ^
      5 |     // Navigate to the application (use port 5175 for main app)
      6 |     await page.goto('http://localhost:5175/');
      7 |     
        at /Users/andrewbryce/Documents/sixty-sales-dashboard/tests/e2e/copilot-everyday-workflows.spec.ts:4:8

    Error: page.waitForLoadState: Test timeout of 30000ms exceeded.

       7 |     
       8 |     // Wait for the page to load completely
    >  9 |     await page.waitForLoadState('networkidle');
         |                ^
      10 |     
      11 |     // Navigate to Copilot
      12 |     await page.goto('http://localhost:5175/copilot');
        at /Users/andrewbryce/Documents/sixty-sales-dashboard/tests/e2e/copilot-everyday-workflows.spec.ts:9:16

    attachment #1: screenshot (image/png) ──────────────────────────────────────────────────────────
    ../../test-results/copilot-everyday-workflows-15ef9-kflow---preview-and-confirm-chromium-staging/test-failed-1.png
    ────────────────────────────────────────────────────────────────────────────────────────────────

    attachment #2: video (video/webm) ──────────────────────────────────────────────────────────────
    ../../test-results/copilot-everyday-workflows-15ef9-kflow---preview-and-confirm-chromium-staging/video.webm
    ────────────────────────────────────────────────────────────────────────────────────────────────

    Error Context: ../../test-results/copilot-everyday-workflows-15ef9-kflow---preview-and-confirm-chromium-staging/error-context.md

    Retry #1 ───────────────────────────────────────────────────────────────────────────────────────

    Test timeout of 30000ms exceeded while running "beforeEach" hook.

      2 |
      3 | test.describe('Copilot Everyday Workflows', () => {
    > 4 |   test.beforeEach(async ({ page }) => {
        |        ^
      5 |     // Navigate to the application (use port 5175 for main app)
      6 |     await page.goto('http://localhost:5175/');
      7 |     
        at /Users/andrewbryce/Documents/sixty-sales-dashboard/tests/e2e/copilot-everyday-workflows.spec.ts:4:8

    Error: page.waitForLoadState: Test timeout of 30000ms exceeded.

       7 |     
       8 |     // Wait for the page to load completely
    >  9 |     await page.waitForLoadState('networkidle');
         |                ^
      10 |     
      11 |     // Navigate to Copilot
      12 |     await page.goto('http://localhost:5175/copilot');
        at /Users/andrewbryce/Documents/sixty-sales-dashboard/tests/e2e/copilot-everyday-workflows.spec.ts:9:16

    attachment #1: screenshot (image/png) ──────────────────────────────────────────────────────────
    ../../test-results/copilot-everyday-workflows-15ef9-kflow---preview-and-confirm-chromium-staging-retry1/test-failed-1.png
    ────────────────────────────────────────────────────────────────────────────────────────────────

    attachment #2: video (video/webm) ──────────────────────────────────────────────────────────────
    ../../test-results/copilot-everyday-workflows-15ef9-kflow---preview-and-confirm-chromium-staging-retry1/video.webm
    ────────────────────────────────────────────────────────────────────────────────────────────────

    Error Context: ../../test-results/copilot-everyday-workflows-15ef9-kflow---preview-and-confirm-chromium-staging-retry1/error-context.md

    attachment #4: trace (application/zip) ─────────────────────────────────────────────────────────
    ../../test-results/copilot-everyday-workflows-15ef9-kflow---preview-and-confirm-chromium-staging-retry1/trace.zip
    Usage:

        npx playwright show-trace ../../test-results/copilot-everyday-workflows-15ef9-kflow---preview-and-confirm-chromium-staging-retry1/trace.zip

    ────────────────────────────────────────────────────────────────────────────────────────────────
]]>
</failure>
<system-out>
<![CDATA[
[[ATTACHMENT|test-results/copilot-everyday-workflows-15ef9-kflow---preview-and-confirm-chromium-staging/test-failed-1.png]]

[[ATTACHMENT|test-results/copilot-everyday-workflows-15ef9-kflow---preview-and-confirm-chromium-staging/video.webm]]

[[ATTACHMENT|test-results/copilot-everyday-workflows-15ef9-kflow---preview-and-confirm-chromium-staging/error-context.md]]

[[ATTACHMENT|test-results/copilot-everyday-workflows-15ef9-kflow---preview-and-confirm-chromium-staging-retry1/test-failed-1.png]]

[[ATTACHMENT|test-results/copilot-everyday-workflows-15ef9-kflow---preview-and-confirm-chromium-staging-retry1/video.webm]]

[[ATTACHMENT|test-results/copilot-everyday-workflows-15ef9-kflow---preview-and-confirm-chromium-staging-retry1/error-context.md]]

[[ATTACHMENT|test-results/copilot-everyday-workflows-15ef9-kflow---preview-and-confirm-chromium-staging-retry1/trace.zip]]
]]>
</system-out>
</testcase>
<testcase name="Copilot Everyday Workflows › Follow-Up Zero Inbox workflow - preview and confirm" classname="copilot-everyday-workflows.spec.ts" time="61.103">
<failure message="copilot-everyday-workflows.spec.ts:102:3 Follow-Up Zero Inbox workflow - preview and confirm" type="FAILURE">
<![CDATA[  [chromium-staging] › copilot-everyday-workflows.spec.ts:102:3 › Copilot Everyday Workflows › Follow-Up Zero Inbox workflow - preview and confirm 

    Test timeout of 30000ms exceeded while running "beforeEach" hook.

      2 |
      3 | test.describe('Copilot Everyday Workflows', () => {
    > 4 |   test.beforeEach(async ({ page }) => {
        |        ^
      5 |     // Navigate to the application (use port 5175 for main app)
      6 |     await page.goto('http://localhost:5175/');
      7 |     
        at /Users/andrewbryce/Documents/sixty-sales-dashboard/tests/e2e/copilot-everyday-workflows.spec.ts:4:8

    Error: page.waitForLoadState: Test timeout of 30000ms exceeded.

       7 |     
       8 |     // Wait for the page to load completely
    >  9 |     await page.waitForLoadState('networkidle');
         |                ^
      10 |     
      11 |     // Navigate to Copilot
      12 |     await page.goto('http://localhost:5175/copilot');
        at /Users/andrewbryce/Documents/sixty-sales-dashboard/tests/e2e/copilot-everyday-workflows.spec.ts:9:16

    attachment #1: screenshot (image/png) ──────────────────────────────────────────────────────────
    ../../test-results/copilot-everyday-workflows-2fe82-kflow---preview-and-confirm-chromium-staging/test-failed-1.png
    ────────────────────────────────────────────────────────────────────────────────────────────────

    attachment #2: video (video/webm) ──────────────────────────────────────────────────────────────
    ../../test-results/copilot-everyday-workflows-2fe82-kflow---preview-and-confirm-chromium-staging/video.webm
    ────────────────────────────────────────────────────────────────────────────────────────────────

    Error Context: ../../test-results/copilot-everyday-workflows-2fe82-kflow---preview-and-confirm-chromium-staging/error-context.md

    Retry #1 ───────────────────────────────────────────────────────────────────────────────────────

    Test timeout of 30000ms exceeded while running "beforeEach" hook.

      2 |
      3 | test.describe('Copilot Everyday Workflows', () => {
    > 4 |   test.beforeEach(async ({ page }) => {
        |        ^
      5 |     // Navigate to the application (use port 5175 for main app)
      6 |     await page.goto('http://localhost:5175/');
      7 |     
        at /Users/andrewbryce/Documents/sixty-sales-dashboard/tests/e2e/copilot-everyday-workflows.spec.ts:4:8

    Error: page.waitForLoadState: Test timeout of 30000ms exceeded.

       7 |     
       8 |     // Wait for the page to load completely
    >  9 |     await page.waitForLoadState('networkidle');
         |                ^
      10 |     
      11 |     // Navigate to Copilot
      12 |     await page.goto('http://localhost:5175/copilot');
        at /Users/andrewbryce/Documents/sixty-sales-dashboard/tests/e2e/copilot-everyday-workflows.spec.ts:9:16

    attachment #1: screenshot (image/png) ──────────────────────────────────────────────────────────
    ../../test-results/copilot-everyday-workflows-2fe82-kflow---preview-and-confirm-chromium-staging-retry1/test-failed-1.png
    ────────────────────────────────────────────────────────────────────────────────────────────────

    attachment #2: video (video/webm) ──────────────────────────────────────────────────────────────
    ../../test-results/copilot-everyday-workflows-2fe82-kflow---preview-and-confirm-chromium-staging-retry1/video.webm
    ────────────────────────────────────────────────────────────────────────────────────────────────

    Error Context: ../../test-results/copilot-everyday-workflows-2fe82-kflow---preview-and-confirm-chromium-staging-retry1/error-context.md

    attachment #4: trace (application/zip) ─────────────────────────────────────────────────────────
    ../../test-results/copilot-everyday-workflows-2fe82-kflow---preview-and-confirm-chromium-staging-retry1/trace.zip
    Usage:

        npx playwright show-trace ../../test-results/copilot-everyday-workflows-2fe82-kflow---preview-and-confirm-chromium-staging-retry1/trace.zip

    ────────────────────────────────────────────────────────────────────────────────────────────────
]]>
</failure>
<system-out>
<![CDATA[
[[ATTACHMENT|test-results/copilot-everyday-workflows-2fe82-kflow---preview-and-confirm-chromium-staging/test-failed-1.png]]

[[ATTACHMENT|test-results/copilot-everyday-workflows-2fe82-kflow---preview-and-confirm-chromium-staging/video.webm]]

[[ATTACHMENT|test-results/copilot-everyday-workflows-2fe82-kflow---preview-and-confirm-chromium-staging/error-context.md]]

[[ATTACHMENT|test-results/copilot-everyday-workflows-2fe82-kflow---preview-and-confirm-chromium-staging-retry1/test-failed-1.png]]

[[ATTACHMENT|test-results/copilot-everyday-workflows-2fe82-kflow---preview-and-confirm-chromium-staging-retry1/video.webm]]

[[ATTACHMENT|test-results/copilot-everyday-workflows-2fe82-kflow---preview-and-confirm-chromium-staging-retry1/error-context.md]]

[[ATTACHMENT|test-results/copilot-everyday-workflows-2fe82-kflow---preview-and-confirm-chromium-staging-retry1/trace.zip]]
]]>
</system-out>
</testcase>
<testcase name="Copilot Everyday Workflows › Deal Slippage Guardrails workflow - preview and confirm" classname="copilot-everyday-workflows.spec.ts" time="61.967">
<failure message="copilot-everyday-workflows.spec.ts:182:3 Deal Slippage Guardrails workflow - preview and confirm" type="FAILURE">
<![CDATA[  [chromium-staging] › copilot-everyday-workflows.spec.ts:182:3 › Copilot Everyday Workflows › Deal Slippage Guardrails workflow - preview and confirm 

    Test timeout of 30000ms exceeded while running "beforeEach" hook.

      2 |
      3 | test.describe('Copilot Everyday Workflows', () => {
    > 4 |   test.beforeEach(async ({ page }) => {
        |        ^
      5 |     // Navigate to the application (use port 5175 for main app)
      6 |     await page.goto('http://localhost:5175/');
      7 |     
        at /Users/andrewbryce/Documents/sixty-sales-dashboard/tests/e2e/copilot-everyday-workflows.spec.ts:4:8

    Error: page.waitForLoadState: Test timeout of 30000ms exceeded.

       7 |     
       8 |     // Wait for the page to load completely
    >  9 |     await page.waitForLoadState('networkidle');
         |                ^
      10 |     
      11 |     // Navigate to Copilot
      12 |     await page.goto('http://localhost:5175/copilot');
        at /Users/andrewbryce/Documents/sixty-sales-dashboard/tests/e2e/copilot-everyday-workflows.spec.ts:9:16

    attachment #1: screenshot (image/png) ──────────────────────────────────────────────────────────
    ../../test-results/copilot-everyday-workflows-cc337-kflow---preview-and-confirm-chromium-staging/test-failed-1.png
    ────────────────────────────────────────────────────────────────────────────────────────────────

    attachment #2: video (video/webm) ──────────────────────────────────────────────────────────────
    ../../test-results/copilot-everyday-workflows-cc337-kflow---preview-and-confirm-chromium-staging/video.webm
    ────────────────────────────────────────────────────────────────────────────────────────────────

    Error Context: ../../test-results/copilot-everyday-workflows-cc337-kflow---preview-and-confirm-chromium-staging/error-context.md

    Retry #1 ───────────────────────────────────────────────────────────────────────────────────────

    Test timeout of 30000ms exceeded while running "beforeEach" hook.

      2 |
      3 | test.describe('Copilot Everyday Workflows', () => {
    > 4 |   test.beforeEach(async ({ page }) => {
        |        ^
      5 |     // Navigate to the application (use port 5175 for main app)
      6 |     await page.goto('http://localhost:5175/');
      7 |     
        at /Users/andrewbryce/Documents/sixty-sales-dashboard/tests/e2e/copilot-everyday-workflows.spec.ts:4:8

    Error: page.waitForLoadState: Test timeout of 30000ms exceeded.

       7 |     
       8 |     // Wait for the page to load completely
    >  9 |     await page.waitForLoadState('networkidle');
         |                ^
      10 |     
      11 |     // Navigate to Copilot
      12 |     await page.goto('http://localhost:5175/copilot');
        at /Users/andrewbryce/Documents/sixty-sales-dashboard/tests/e2e/copilot-everyday-workflows.spec.ts:9:16

    attachment #1: screenshot (image/png) ──────────────────────────────────────────────────────────
    ../../test-results/copilot-everyday-workflows-cc337-kflow---preview-and-confirm-chromium-staging-retry1/test-failed-1.png
    ────────────────────────────────────────────────────────────────────────────────────────────────

    attachment #2: video (video/webm) ──────────────────────────────────────────────────────────────
    ../../test-results/copilot-everyday-workflows-cc337-kflow---preview-and-confirm-chromium-staging-retry1/video.webm
    ────────────────────────────────────────────────────────────────────────────────────────────────

    Error Context: ../../test-results/copilot-everyday-workflows-cc337-kflow---preview-and-confirm-chromium-staging-retry1/error-context.md

    attachment #4: trace (application/zip) ─────────────────────────────────────────────────────────
    ../../test-results/copilot-everyday-workflows-cc337-kflow---preview-and-confirm-chromium-staging-retry1/trace.zip
    Usage:

        npx playwright show-trace ../../test-results/copilot-everyday-workflows-cc337-kflow---preview-and-confirm-chromium-staging-retry1/trace.zip

    ────────────────────────────────────────────────────────────────────────────────────────────────
]]>
</failure>
<system-out>
<![CDATA[
[[ATTACHMENT|test-results/copilot-everyday-workflows-cc337-kflow---preview-and-confirm-chromium-staging/test-failed-1.png]]

[[ATTACHMENT|test-results/copilot-everyday-workflows-cc337-kflow---preview-and-confirm-chromium-staging/video.webm]]

[[ATTACHMENT|test-results/copilot-everyday-workflows-cc337-kflow---preview-and-confirm-chromium-staging/error-context.md]]

[[ATTACHMENT|test-results/copilot-everyday-workflows-cc337-kflow---preview-and-confirm-chromium-staging-retry1/test-failed-1.png]]

[[ATTACHMENT|test-results/copilot-everyday-workflows-cc337-kflow---preview-and-confirm-chromium-staging-retry1/video.webm]]

[[ATTACHMENT|test-results/copilot-everyday-workflows-cc337-kflow---preview-and-confirm-chromium-staging-retry1/error-context.md]]

[[ATTACHMENT|test-results/copilot-everyday-workflows-cc337-kflow---preview-and-confirm-chromium-staging-retry1/trace.zip]]
]]>
</system-out>
</testcase>
</testsuite>
</testsuites>