<testsuites id="" name="" tests="167" failures="137" skipped="0" errors="0" time="736.482098">
<testsuite name="01-critical-flows.spec.ts" timestamp="2026-01-09T14:15:18.190Z" hostname="chromium-staging" tests="9" failures="0" skipped="0" time="47.462" errors="0">
<testcase name="Critical User Flows › Page loads without 404 errors for static resources" classname="01-critical-flows.spec.ts" time="5.442">
</testcase>
<testcase name="Critical User Flows › No console errors on page load" classname="01-critical-flows.spec.ts" time="7.826">
</testcase>
<testcase name="Critical User Flows › Authentication flow works correctly" classname="01-critical-flows.spec.ts" time="5.981">
</testcase>
<testcase name="Critical User Flows › QuickAdd modal opens and closes correctly" classname="01-critical-flows.spec.ts" time="5.697">
</testcase>
<testcase name="Critical User Flows › Task creation through QuickAdd works" classname="01-critical-flows.spec.ts" time="5.698">
</testcase>
<testcase name="Critical User Flows › Contact creation works without 403 errors" classname="01-critical-flows.spec.ts" time="3.456">
</testcase>
<testcase name="Critical User Flows › Web vitals and performance metrics load correctly" classname="01-critical-flows.spec.ts" time="5.511">
</testcase>
<testcase name="Critical User Flows › Forms show proper validation errors" classname="01-critical-flows.spec.ts" time="3.785">
</testcase>
<testcase name="Critical User Flows › User can navigate between main sections without errors" classname="01-critical-flows.spec.ts" time="4.066">
</testcase>
</testsuite>
<testsuite name="02-quickadd-functionality.spec.ts" timestamp="2026-01-09T14:15:18.190Z" hostname="chromium-staging" tests="10" failures="10" skipped="0" time="350.504" errors="0">
<testcase name="QuickAdd Functionality › QuickAdd modal displays all action options" classname="02-quickadd-functionality.spec.ts" time="35.617">
<failure message="02-quickadd-functionality.spec.ts:10:3 QuickAdd modal displays all action options" type="FAILURE">
<![CDATA[  [chromium-staging] › 02-quickadd-functionality.spec.ts:10:3 › QuickAdd Functionality › QuickAdd modal displays all action options 

    TimeoutError: locator.click: Timeout 15000ms exceeded.
    Call log:
      - waiting for locator('[data-testid="quick-add-button"], button:has-text("Quick Add"), .quick-add-btn, [class*="quick-add"]')


      11 |     // Open QuickAdd modal
      12 |     const quickAddTrigger = page.locator('[data-testid="quick-add-button"], button:has-text("Quick Add"), .quick-add-btn, [class*="quick-add"]');
    > 13 |     await quickAddTrigger.click();
         |                           ^
      14 |
      15 |     // Check that all action options are present
      16 |     const expectedActions = ['Task', 'Deal', 'Sale', 'Outbound', 'Meeting', 'Proposal'];
        at /Users/andrewbryce/Documents/sixty-sales-dashboard/tests/e2e/02-quickadd-functionality.spec.ts:13:27

    attachment #1: screenshot (image/png) ──────────────────────────────────────────────────────────
    ../../test-results/02-quickadd-functionality--03a11-displays-all-action-options-chromium-staging/test-failed-1.png
    ────────────────────────────────────────────────────────────────────────────────────────────────

    attachment #2: video (video/webm) ──────────────────────────────────────────────────────────────
    ../../test-results/02-quickadd-functionality--03a11-displays-all-action-options-chromium-staging/video.webm
    ────────────────────────────────────────────────────────────────────────────────────────────────

    Error Context: ../../test-results/02-quickadd-functionality--03a11-displays-all-action-options-chromium-staging/error-context.md

    Retry #1 ───────────────────────────────────────────────────────────────────────────────────────

    TimeoutError: locator.click: Timeout 15000ms exceeded.
    Call log:
      - waiting for locator('[data-testid="quick-add-button"], button:has-text("Quick Add"), .quick-add-btn, [class*="quick-add"]')


      11 |     // Open QuickAdd modal
      12 |     const quickAddTrigger = page.locator('[data-testid="quick-add-button"], button:has-text("Quick Add"), .quick-add-btn, [class*="quick-add"]');
    > 13 |     await quickAddTrigger.click();
         |                           ^
      14 |
      15 |     // Check that all action options are present
      16 |     const expectedActions = ['Task', 'Deal', 'Sale', 'Outbound', 'Meeting', 'Proposal'];
        at /Users/andrewbryce/Documents/sixty-sales-dashboard/tests/e2e/02-quickadd-functionality.spec.ts:13:27

    attachment #1: screenshot (image/png) ──────────────────────────────────────────────────────────
    ../../test-results/02-quickadd-functionality--03a11-displays-all-action-options-chromium-staging-retry1/test-failed-1.png
    ────────────────────────────────────────────────────────────────────────────────────────────────

    attachment #2: video (video/webm) ──────────────────────────────────────────────────────────────
    ../../test-results/02-quickadd-functionality--03a11-displays-all-action-options-chromium-staging-retry1/video.webm
    ────────────────────────────────────────────────────────────────────────────────────────────────

    Error Context: ../../test-results/02-quickadd-functionality--03a11-displays-all-action-options-chromium-staging-retry1/error-context.md

    attachment #4: trace (application/zip) ─────────────────────────────────────────────────────────
    ../../test-results/02-quickadd-functionality--03a11-displays-all-action-options-chromium-staging-retry1/trace.zip
    Usage:

        npx playwright show-trace ../../test-results/02-quickadd-functionality--03a11-displays-all-action-options-chromium-staging-retry1/trace.zip

    ────────────────────────────────────────────────────────────────────────────────────────────────
]]>
</failure>
<system-out>
<![CDATA[
[[ATTACHMENT|test-results/02-quickadd-functionality--03a11-displays-all-action-options-chromium-staging/test-failed-1.png]]

[[ATTACHMENT|test-results/02-quickadd-functionality--03a11-displays-all-action-options-chromium-staging/video.webm]]

[[ATTACHMENT|test-results/02-quickadd-functionality--03a11-displays-all-action-options-chromium-staging/error-context.md]]

[[ATTACHMENT|test-results/02-quickadd-functionality--03a11-displays-all-action-options-chromium-staging-retry1/test-failed-1.png]]

[[ATTACHMENT|test-results/02-quickadd-functionality--03a11-displays-all-action-options-chromium-staging-retry1/video.webm]]

[[ATTACHMENT|test-results/02-quickadd-functionality--03a11-displays-all-action-options-chromium-staging-retry1/error-context.md]]

[[ATTACHMENT|test-results/02-quickadd-functionality--03a11-displays-all-action-options-chromium-staging-retry1/trace.zip]]
]]>
</system-out>
</testcase>
<testcase name="QuickAdd Functionality › Task creation validates required fields" classname="02-quickadd-functionality.spec.ts" time="34.651">
<failure message="02-quickadd-functionality.spec.ts:23:3 Task creation validates required fields" type="FAILURE">
<![CDATA[  [chromium-staging] › 02-quickadd-functionality.spec.ts:23:3 › QuickAdd Functionality › Task creation validates required fields 

    TimeoutError: locator.click: Timeout 15000ms exceeded.
    Call log:
      - waiting for locator('[data-testid="quick-add-button"], button:has-text("Quick Add"), .quick-add-btn, [class*="quick-add"]')


      24 |     // Open QuickAdd and select Task
      25 |     const quickAddTrigger = page.locator('[data-testid="quick-add-button"], button:has-text("Quick Add"), .quick-add-btn, [class*="quick-add"]');
    > 26 |     await quickAddTrigger.click();
         |                           ^
      27 |     
      28 |     await page.locator('text=Task, [data-action="task"]').click();
      29 |
        at /Users/andrewbryce/Documents/sixty-sales-dashboard/tests/e2e/02-quickadd-functionality.spec.ts:26:27

    attachment #1: screenshot (image/png) ──────────────────────────────────────────────────────────
    ../../test-results/02-quickadd-functionality--389ba-n-validates-required-fields-chromium-staging/test-failed-1.png
    ────────────────────────────────────────────────────────────────────────────────────────────────

    attachment #2: video (video/webm) ──────────────────────────────────────────────────────────────
    ../../test-results/02-quickadd-functionality--389ba-n-validates-required-fields-chromium-staging/video.webm
    ────────────────────────────────────────────────────────────────────────────────────────────────

    Error Context: ../../test-results/02-quickadd-functionality--389ba-n-validates-required-fields-chromium-staging/error-context.md

    Retry #1 ───────────────────────────────────────────────────────────────────────────────────────

    TimeoutError: locator.click: Timeout 15000ms exceeded.
    Call log:
      - waiting for locator('[data-testid="quick-add-button"], button:has-text("Quick Add"), .quick-add-btn, [class*="quick-add"]')


      24 |     // Open QuickAdd and select Task
      25 |     const quickAddTrigger = page.locator('[data-testid="quick-add-button"], button:has-text("Quick Add"), .quick-add-btn, [class*="quick-add"]');
    > 26 |     await quickAddTrigger.click();
         |                           ^
      27 |     
      28 |     await page.locator('text=Task, [data-action="task"]').click();
      29 |
        at /Users/andrewbryce/Documents/sixty-sales-dashboard/tests/e2e/02-quickadd-functionality.spec.ts:26:27

    attachment #1: screenshot (image/png) ──────────────────────────────────────────────────────────
    ../../test-results/02-quickadd-functionality--389ba-n-validates-required-fields-chromium-staging-retry1/test-failed-1.png
    ────────────────────────────────────────────────────────────────────────────────────────────────

    attachment #2: video (video/webm) ──────────────────────────────────────────────────────────────
    ../../test-results/02-quickadd-functionality--389ba-n-validates-required-fields-chromium-staging-retry1/video.webm
    ────────────────────────────────────────────────────────────────────────────────────────────────

    Error Context: ../../test-results/02-quickadd-functionality--389ba-n-validates-required-fields-chromium-staging-retry1/error-context.md

    attachment #4: trace (application/zip) ─────────────────────────────────────────────────────────
    ../../test-results/02-quickadd-functionality--389ba-n-validates-required-fields-chromium-staging-retry1/trace.zip
    Usage:

        npx playwright show-trace ../../test-results/02-quickadd-functionality--389ba-n-validates-required-fields-chromium-staging-retry1/trace.zip

    ────────────────────────────────────────────────────────────────────────────────────────────────
]]>
</failure>
<system-out>
<![CDATA[
[[ATTACHMENT|test-results/02-quickadd-functionality--389ba-n-validates-required-fields-chromium-staging/test-failed-1.png]]

[[ATTACHMENT|test-results/02-quickadd-functionality--389ba-n-validates-required-fields-chromium-staging/video.webm]]

[[ATTACHMENT|test-results/02-quickadd-functionality--389ba-n-validates-required-fields-chromium-staging/error-context.md]]

[[ATTACHMENT|test-results/02-quickadd-functionality--389ba-n-validates-required-fields-chromium-staging-retry1/test-failed-1.png]]

[[ATTACHMENT|test-results/02-quickadd-functionality--389ba-n-validates-required-fields-chromium-staging-retry1/video.webm]]

[[ATTACHMENT|test-results/02-quickadd-functionality--389ba-n-validates-required-fields-chromium-staging-retry1/error-context.md]]

[[ATTACHMENT|test-results/02-quickadd-functionality--389ba-n-validates-required-fields-chromium-staging-retry1/trace.zip]]
]]>
</system-out>
</testcase>
<testcase name="QuickAdd Functionality › Meeting creation requires contact selection" classname="02-quickadd-functionality.spec.ts" time="35.415">
<failure message="02-quickadd-functionality.spec.ts:49:3 Meeting creation requires contact selection" type="FAILURE">
<![CDATA[  [chromium-staging] › 02-quickadd-functionality.spec.ts:49:3 › QuickAdd Functionality › Meeting creation requires contact selection 

    TimeoutError: locator.click: Timeout 15000ms exceeded.
    Call log:
      - waiting for locator('[data-testid="quick-add-button"], button:has-text("Quick Add"), .quick-add-btn, [class*="quick-add"]')


      49 |   test('Meeting creation requires contact selection', async ({ page }) => {
      50 |     const quickAddTrigger = page.locator('[data-testid="quick-add-button"], button:has-text("Quick Add"), .quick-add-btn, [class*="quick-add"]');
    > 51 |     await quickAddTrigger.click();
         |                           ^
      52 |     
      53 |     await page.locator('text=Meeting, [data-action="meeting"]').click();
      54 |
        at /Users/andrewbryce/Documents/sixty-sales-dashboard/tests/e2e/02-quickadd-functionality.spec.ts:51:27

    attachment #1: screenshot (image/png) ──────────────────────────────────────────────────────────
    ../../test-results/02-quickadd-functionality--f70b0--requires-contact-selection-chromium-staging/test-failed-1.png
    ────────────────────────────────────────────────────────────────────────────────────────────────

    attachment #2: video (video/webm) ──────────────────────────────────────────────────────────────
    ../../test-results/02-quickadd-functionality--f70b0--requires-contact-selection-chromium-staging/video.webm
    ────────────────────────────────────────────────────────────────────────────────────────────────

    Error Context: ../../test-results/02-quickadd-functionality--f70b0--requires-contact-selection-chromium-staging/error-context.md

    Retry #1 ───────────────────────────────────────────────────────────────────────────────────────

    TimeoutError: locator.click: Timeout 15000ms exceeded.
    Call log:
      - waiting for locator('[data-testid="quick-add-button"], button:has-text("Quick Add"), .quick-add-btn, [class*="quick-add"]')


      49 |   test('Meeting creation requires contact selection', async ({ page }) => {
      50 |     const quickAddTrigger = page.locator('[data-testid="quick-add-button"], button:has-text("Quick Add"), .quick-add-btn, [class*="quick-add"]');
    > 51 |     await quickAddTrigger.click();
         |                           ^
      52 |     
      53 |     await page.locator('text=Meeting, [data-action="meeting"]').click();
      54 |
        at /Users/andrewbryce/Documents/sixty-sales-dashboard/tests/e2e/02-quickadd-functionality.spec.ts:51:27

    attachment #1: screenshot (image/png) ──────────────────────────────────────────────────────────
    ../../test-results/02-quickadd-functionality--f70b0--requires-contact-selection-chromium-staging-retry1/test-failed-1.png
    ────────────────────────────────────────────────────────────────────────────────────────────────

    attachment #2: video (video/webm) ──────────────────────────────────────────────────────────────
    ../../test-results/02-quickadd-functionality--f70b0--requires-contact-selection-chromium-staging-retry1/video.webm
    ────────────────────────────────────────────────────────────────────────────────────────────────

    Error Context: ../../test-results/02-quickadd-functionality--f70b0--requires-contact-selection-chromium-staging-retry1/error-context.md

    attachment #4: trace (application/zip) ─────────────────────────────────────────────────────────
    ../../test-results/02-quickadd-functionality--f70b0--requires-contact-selection-chromium-staging-retry1/trace.zip
    Usage:

        npx playwright show-trace ../../test-results/02-quickadd-functionality--f70b0--requires-contact-selection-chromium-staging-retry1/trace.zip

    ────────────────────────────────────────────────────────────────────────────────────────────────
]]>
</failure>
<system-out>
<![CDATA[
[[ATTACHMENT|test-results/02-quickadd-functionality--f70b0--requires-contact-selection-chromium-staging/test-failed-1.png]]

[[ATTACHMENT|test-results/02-quickadd-functionality--f70b0--requires-contact-selection-chromium-staging/video.webm]]

[[ATTACHMENT|test-results/02-quickadd-functionality--f70b0--requires-contact-selection-chromium-staging/error-context.md]]

[[ATTACHMENT|test-results/02-quickadd-functionality--f70b0--requires-contact-selection-chromium-staging-retry1/test-failed-1.png]]

[[ATTACHMENT|test-results/02-quickadd-functionality--f70b0--requires-contact-selection-chromium-staging-retry1/video.webm]]

[[ATTACHMENT|test-results/02-quickadd-functionality--f70b0--requires-contact-selection-chromium-staging-retry1/error-context.md]]

[[ATTACHMENT|test-results/02-quickadd-functionality--f70b0--requires-contact-selection-chromium-staging-retry1/trace.zip]]
]]>
</system-out>
</testcase>
<testcase name="QuickAdd Functionality › Sale creation shows revenue split fields for admin" classname="02-quickadd-functionality.spec.ts" time="35.153">
<failure message="02-quickadd-functionality.spec.ts:69:3 Sale creation shows revenue split fields for admin" type="FAILURE">
<![CDATA[  [chromium-staging] › 02-quickadd-functionality.spec.ts:69:3 › QuickAdd Functionality › Sale creation shows revenue split fields for admin 

    TimeoutError: locator.click: Timeout 15000ms exceeded.
    Call log:
      - waiting for locator('[data-testid="quick-add-button"], button:has-text("Quick Add"), .quick-add-btn, [class*="quick-add"]')


      69 |   test('Sale creation shows revenue split fields for admin', async ({ page }) => {
      70 |     const quickAddTrigger = page.locator('[data-testid="quick-add-button"], button:has-text("Quick Add"), .quick-add-btn, [class*="quick-add"]');
    > 71 |     await quickAddTrigger.click();
         |                           ^
      72 |     
      73 |     await page.locator('text=Sale, [data-action="sale"]').click();
      74 |
        at /Users/andrewbryce/Documents/sixty-sales-dashboard/tests/e2e/02-quickadd-functionality.spec.ts:71:27

    attachment #1: screenshot (image/png) ──────────────────────────────────────────────────────────
    ../../test-results/02-quickadd-functionality--d6cdb-enue-split-fields-for-admin-chromium-staging/test-failed-1.png
    ────────────────────────────────────────────────────────────────────────────────────────────────

    attachment #2: video (video/webm) ──────────────────────────────────────────────────────────────
    ../../test-results/02-quickadd-functionality--d6cdb-enue-split-fields-for-admin-chromium-staging/video.webm
    ────────────────────────────────────────────────────────────────────────────────────────────────

    Error Context: ../../test-results/02-quickadd-functionality--d6cdb-enue-split-fields-for-admin-chromium-staging/error-context.md

    Retry #1 ───────────────────────────────────────────────────────────────────────────────────────

    TimeoutError: locator.click: Timeout 15000ms exceeded.
    Call log:
      - waiting for locator('[data-testid="quick-add-button"], button:has-text("Quick Add"), .quick-add-btn, [class*="quick-add"]')


      69 |   test('Sale creation shows revenue split fields for admin', async ({ page }) => {
      70 |     const quickAddTrigger = page.locator('[data-testid="quick-add-button"], button:has-text("Quick Add"), .quick-add-btn, [class*="quick-add"]');
    > 71 |     await quickAddTrigger.click();
         |                           ^
      72 |     
      73 |     await page.locator('text=Sale, [data-action="sale"]').click();
      74 |
        at /Users/andrewbryce/Documents/sixty-sales-dashboard/tests/e2e/02-quickadd-functionality.spec.ts:71:27

    attachment #1: screenshot (image/png) ──────────────────────────────────────────────────────────
    ../../test-results/02-quickadd-functionality--d6cdb-enue-split-fields-for-admin-chromium-staging-retry1/test-failed-1.png
    ────────────────────────────────────────────────────────────────────────────────────────────────

    attachment #2: video (video/webm) ──────────────────────────────────────────────────────────────
    ../../test-results/02-quickadd-functionality--d6cdb-enue-split-fields-for-admin-chromium-staging-retry1/video.webm
    ────────────────────────────────────────────────────────────────────────────────────────────────

    Error Context: ../../test-results/02-quickadd-functionality--d6cdb-enue-split-fields-for-admin-chromium-staging-retry1/error-context.md

    attachment #4: trace (application/zip) ─────────────────────────────────────────────────────────
    ../../test-results/02-quickadd-functionality--d6cdb-enue-split-fields-for-admin-chromium-staging-retry1/trace.zip
    Usage:

        npx playwright show-trace ../../test-results/02-quickadd-functionality--d6cdb-enue-split-fields-for-admin-chromium-staging-retry1/trace.zip

    ────────────────────────────────────────────────────────────────────────────────────────────────
]]>
</failure>
<system-out>
<![CDATA[
[[ATTACHMENT|test-results/02-quickadd-functionality--d6cdb-enue-split-fields-for-admin-chromium-staging/test-failed-1.png]]

[[ATTACHMENT|test-results/02-quickadd-functionality--d6cdb-enue-split-fields-for-admin-chromium-staging/video.webm]]

[[ATTACHMENT|test-results/02-quickadd-functionality--d6cdb-enue-split-fields-for-admin-chromium-staging/error-context.md]]

[[ATTACHMENT|test-results/02-quickadd-functionality--d6cdb-enue-split-fields-for-admin-chromium-staging-retry1/test-failed-1.png]]

[[ATTACHMENT|test-results/02-quickadd-functionality--d6cdb-enue-split-fields-for-admin-chromium-staging-retry1/video.webm]]

[[ATTACHMENT|test-results/02-quickadd-functionality--d6cdb-enue-split-fields-for-admin-chromium-staging-retry1/error-context.md]]

[[ATTACHMENT|test-results/02-quickadd-functionality--d6cdb-enue-split-fields-for-admin-chromium-staging-retry1/trace.zip]]
]]>
</system-out>
</testcase>
<testcase name="QuickAdd Functionality › Proposal creation requires company name" classname="02-quickadd-functionality.spec.ts" time="34.766">
<failure message="02-quickadd-functionality.spec.ts:88:3 Proposal creation requires company name" type="FAILURE">
<![CDATA[  [chromium-staging] › 02-quickadd-functionality.spec.ts:88:3 › QuickAdd Functionality › Proposal creation requires company name 

    TimeoutError: locator.click: Timeout 15000ms exceeded.
    Call log:
      - waiting for locator('[data-testid="quick-add-button"], button:has-text("Quick Add"), .quick-add-btn, [class*="quick-add"]')


      88 |   test('Proposal creation requires company name', async ({ page }) => {
      89 |     const quickAddTrigger = page.locator('[data-testid="quick-add-button"], button:has-text("Quick Add"), .quick-add-btn, [class*="quick-add"]');
    > 90 |     await quickAddTrigger.click();
         |                           ^
      91 |     
      92 |     await page.locator('text=Proposal, [data-action="proposal"]').click();
      93 |
        at /Users/andrewbryce/Documents/sixty-sales-dashboard/tests/e2e/02-quickadd-functionality.spec.ts:90:27

    attachment #1: screenshot (image/png) ──────────────────────────────────────────────────────────
    ../../test-results/02-quickadd-functionality--76883-ation-requires-company-name-chromium-staging/test-failed-1.png
    ────────────────────────────────────────────────────────────────────────────────────────────────

    attachment #2: video (video/webm) ──────────────────────────────────────────────────────────────
    ../../test-results/02-quickadd-functionality--76883-ation-requires-company-name-chromium-staging/video.webm
    ────────────────────────────────────────────────────────────────────────────────────────────────

    Error Context: ../../test-results/02-quickadd-functionality--76883-ation-requires-company-name-chromium-staging/error-context.md

    Retry #1 ───────────────────────────────────────────────────────────────────────────────────────

    TimeoutError: locator.click: Timeout 15000ms exceeded.
    Call log:
      - waiting for locator('[data-testid="quick-add-button"], button:has-text("Quick Add"), .quick-add-btn, [class*="quick-add"]')


      88 |   test('Proposal creation requires company name', async ({ page }) => {
      89 |     const quickAddTrigger = page.locator('[data-testid="quick-add-button"], button:has-text("Quick Add"), .quick-add-btn, [class*="quick-add"]');
    > 90 |     await quickAddTrigger.click();
         |                           ^
      91 |     
      92 |     await page.locator('text=Proposal, [data-action="proposal"]').click();
      93 |
        at /Users/andrewbryce/Documents/sixty-sales-dashboard/tests/e2e/02-quickadd-functionality.spec.ts:90:27

    attachment #1: screenshot (image/png) ──────────────────────────────────────────────────────────
    ../../test-results/02-quickadd-functionality--76883-ation-requires-company-name-chromium-staging-retry1/test-failed-1.png
    ────────────────────────────────────────────────────────────────────────────────────────────────

    attachment #2: video (video/webm) ──────────────────────────────────────────────────────────────
    ../../test-results/02-quickadd-functionality--76883-ation-requires-company-name-chromium-staging-retry1/video.webm
    ────────────────────────────────────────────────────────────────────────────────────────────────

    Error Context: ../../test-results/02-quickadd-functionality--76883-ation-requires-company-name-chromium-staging-retry1/error-context.md

    attachment #4: trace (application/zip) ─────────────────────────────────────────────────────────
    ../../test-results/02-quickadd-functionality--76883-ation-requires-company-name-chromium-staging-retry1/trace.zip
    Usage:

        npx playwright show-trace ../../test-results/02-quickadd-functionality--76883-ation-requires-company-name-chromium-staging-retry1/trace.zip

    ────────────────────────────────────────────────────────────────────────────────────────────────
]]>
</failure>
<system-out>
<![CDATA[
[[ATTACHMENT|test-results/02-quickadd-functionality--76883-ation-requires-company-name-chromium-staging/test-failed-1.png]]

[[ATTACHMENT|test-results/02-quickadd-functionality--76883-ation-requires-company-name-chromium-staging/video.webm]]

[[ATTACHMENT|test-results/02-quickadd-functionality--76883-ation-requires-company-name-chromium-staging/error-context.md]]

[[ATTACHMENT|test-results/02-quickadd-functionality--76883-ation-requires-company-name-chromium-staging-retry1/test-failed-1.png]]

[[ATTACHMENT|test-results/02-quickadd-functionality--76883-ation-requires-company-name-chromium-staging-retry1/video.webm]]

[[ATTACHMENT|test-results/02-quickadd-functionality--76883-ation-requires-company-name-chromium-staging-retry1/error-context.md]]

[[ATTACHMENT|test-results/02-quickadd-functionality--76883-ation-requires-company-name-chromium-staging-retry1/trace.zip]]
]]>
</system-out>
</testcase>
<testcase name="QuickAdd Functionality › Outbound activity creation works with optional fields" classname="02-quickadd-functionality.spec.ts" time="34.252">
<failure message="02-quickadd-functionality.spec.ts:110:3 Outbound activity creation works with optional fields" type="FAILURE">
<![CDATA[  [chromium-staging] › 02-quickadd-functionality.spec.ts:110:3 › QuickAdd Functionality › Outbound activity creation works with optional fields 

    TimeoutError: locator.click: Timeout 15000ms exceeded.
    Call log:
      - waiting for locator('[data-testid="quick-add-button"], button:has-text("Quick Add"), .quick-add-btn, [class*="quick-add"]')


      110 |   test('Outbound activity creation works with optional fields', async ({ page }) => {
      111 |     const quickAddTrigger = page.locator('[data-testid="quick-add-button"], button:has-text("Quick Add"), .quick-add-btn, [class*="quick-add"]');
    > 112 |     await quickAddTrigger.click();
          |                           ^
      113 |     
      114 |     await page.locator('text=Outbound, [data-action="outbound"]').click();
      115 |
        at /Users/andrewbryce/Documents/sixty-sales-dashboard/tests/e2e/02-quickadd-functionality.spec.ts:112:27

    attachment #1: screenshot (image/png) ──────────────────────────────────────────────────────────
    ../../test-results/02-quickadd-functionality--0b08a--works-with-optional-fields-chromium-staging/test-failed-1.png
    ────────────────────────────────────────────────────────────────────────────────────────────────

    attachment #2: video (video/webm) ──────────────────────────────────────────────────────────────
    ../../test-results/02-quickadd-functionality--0b08a--works-with-optional-fields-chromium-staging/video.webm
    ────────────────────────────────────────────────────────────────────────────────────────────────

    Error Context: ../../test-results/02-quickadd-functionality--0b08a--works-with-optional-fields-chromium-staging/error-context.md

    Retry #1 ───────────────────────────────────────────────────────────────────────────────────────

    TimeoutError: locator.click: Timeout 15000ms exceeded.
    Call log:
      - waiting for locator('[data-testid="quick-add-button"], button:has-text("Quick Add"), .quick-add-btn, [class*="quick-add"]')


      110 |   test('Outbound activity creation works with optional fields', async ({ page }) => {
      111 |     const quickAddTrigger = page.locator('[data-testid="quick-add-button"], button:has-text("Quick Add"), .quick-add-btn, [class*="quick-add"]');
    > 112 |     await quickAddTrigger.click();
          |                           ^
      113 |     
      114 |     await page.locator('text=Outbound, [data-action="outbound"]').click();
      115 |
        at /Users/andrewbryce/Documents/sixty-sales-dashboard/tests/e2e/02-quickadd-functionality.spec.ts:112:27

    attachment #1: screenshot (image/png) ──────────────────────────────────────────────────────────
    ../../test-results/02-quickadd-functionality--0b08a--works-with-optional-fields-chromium-staging-retry1/test-failed-1.png
    ────────────────────────────────────────────────────────────────────────────────────────────────

    attachment #2: video (video/webm) ──────────────────────────────────────────────────────────────
    ../../test-results/02-quickadd-functionality--0b08a--works-with-optional-fields-chromium-staging-retry1/video.webm
    ────────────────────────────────────────────────────────────────────────────────────────────────

    Error Context: ../../test-results/02-quickadd-functionality--0b08a--works-with-optional-fields-chromium-staging-retry1/error-context.md

    attachment #4: trace (application/zip) ─────────────────────────────────────────────────────────
    ../../test-results/02-quickadd-functionality--0b08a--works-with-optional-fields-chromium-staging-retry1/trace.zip
    Usage:

        npx playwright show-trace ../../test-results/02-quickadd-functionality--0b08a--works-with-optional-fields-chromium-staging-retry1/trace.zip

    ────────────────────────────────────────────────────────────────────────────────────────────────
]]>
</failure>
<system-out>
<![CDATA[
[[ATTACHMENT|test-results/02-quickadd-functionality--0b08a--works-with-optional-fields-chromium-staging/test-failed-1.png]]

[[ATTACHMENT|test-results/02-quickadd-functionality--0b08a--works-with-optional-fields-chromium-staging/video.webm]]

[[ATTACHMENT|test-results/02-quickadd-functionality--0b08a--works-with-optional-fields-chromium-staging/error-context.md]]

[[ATTACHMENT|test-results/02-quickadd-functionality--0b08a--works-with-optional-fields-chromium-staging-retry1/test-failed-1.png]]

[[ATTACHMENT|test-results/02-quickadd-functionality--0b08a--works-with-optional-fields-chromium-staging-retry1/video.webm]]

[[ATTACHMENT|test-results/02-quickadd-functionality--0b08a--works-with-optional-fields-chromium-staging-retry1/error-context.md]]

[[ATTACHMENT|test-results/02-quickadd-functionality--0b08a--works-with-optional-fields-chromium-staging-retry1/trace.zip]]
]]>
</system-out>
</testcase>
<testcase name="QuickAdd Functionality › Form shows proper loading states" classname="02-quickadd-functionality.spec.ts" time="34.907">
<failure message="02-quickadd-functionality.spec.ts:136:3 Form shows proper loading states" type="FAILURE">
<![CDATA[  [chromium-staging] › 02-quickadd-functionality.spec.ts:136:3 › QuickAdd Functionality › Form shows proper loading states 

    TimeoutError: locator.click: Timeout 15000ms exceeded.
    Call log:
      - waiting for locator('[data-testid="quick-add-button"], button:has-text("Quick Add"), .quick-add-btn, [class*="quick-add"]')


      136 |   test('Form shows proper loading states', async ({ page }) => {
      137 |     const quickAddTrigger = page.locator('[data-testid="quick-add-button"], button:has-text("Quick Add"), .quick-add-btn, [class*="quick-add"]');
    > 138 |     await quickAddTrigger.click();
          |                           ^
      139 |     
      140 |     await page.locator('text=Task, [data-action="task"]').click();
      141 |
        at /Users/andrewbryce/Documents/sixty-sales-dashboard/tests/e2e/02-quickadd-functionality.spec.ts:138:27

    attachment #1: screenshot (image/png) ──────────────────────────────────────────────────────────
    ../../test-results/02-quickadd-functionality--bc5d9-shows-proper-loading-states-chromium-staging/test-failed-1.png
    ────────────────────────────────────────────────────────────────────────────────────────────────

    attachment #2: video (video/webm) ──────────────────────────────────────────────────────────────
    ../../test-results/02-quickadd-functionality--bc5d9-shows-proper-loading-states-chromium-staging/video.webm
    ────────────────────────────────────────────────────────────────────────────────────────────────

    Error Context: ../../test-results/02-quickadd-functionality--bc5d9-shows-proper-loading-states-chromium-staging/error-context.md

    Retry #1 ───────────────────────────────────────────────────────────────────────────────────────

    TimeoutError: locator.click: Timeout 15000ms exceeded.
    Call log:
      - waiting for locator('[data-testid="quick-add-button"], button:has-text("Quick Add"), .quick-add-btn, [class*="quick-add"]')


      136 |   test('Form shows proper loading states', async ({ page }) => {
      137 |     const quickAddTrigger = page.locator('[data-testid="quick-add-button"], button:has-text("Quick Add"), .quick-add-btn, [class*="quick-add"]');
    > 138 |     await quickAddTrigger.click();
          |                           ^
      139 |     
      140 |     await page.locator('text=Task, [data-action="task"]').click();
      141 |
        at /Users/andrewbryce/Documents/sixty-sales-dashboard/tests/e2e/02-quickadd-functionality.spec.ts:138:27

    attachment #1: screenshot (image/png) ──────────────────────────────────────────────────────────
    ../../test-results/02-quickadd-functionality--bc5d9-shows-proper-loading-states-chromium-staging-retry1/test-failed-1.png
    ────────────────────────────────────────────────────────────────────────────────────────────────

    attachment #2: video (video/webm) ──────────────────────────────────────────────────────────────
    ../../test-results/02-quickadd-functionality--bc5d9-shows-proper-loading-states-chromium-staging-retry1/video.webm
    ────────────────────────────────────────────────────────────────────────────────────────────────

    Error Context: ../../test-results/02-quickadd-functionality--bc5d9-shows-proper-loading-states-chromium-staging-retry1/error-context.md

    attachment #4: trace (application/zip) ─────────────────────────────────────────────────────────
    ../../test-results/02-quickadd-functionality--bc5d9-shows-proper-loading-states-chromium-staging-retry1/trace.zip
    Usage:

        npx playwright show-trace ../../test-results/02-quickadd-functionality--bc5d9-shows-proper-loading-states-chromium-staging-retry1/trace.zip

    ────────────────────────────────────────────────────────────────────────────────────────────────
]]>
</failure>
<system-out>
<![CDATA[
[[ATTACHMENT|test-results/02-quickadd-functionality--bc5d9-shows-proper-loading-states-chromium-staging/test-failed-1.png]]

[[ATTACHMENT|test-results/02-quickadd-functionality--bc5d9-shows-proper-loading-states-chromium-staging/video.webm]]

[[ATTACHMENT|test-results/02-quickadd-functionality--bc5d9-shows-proper-loading-states-chromium-staging/error-context.md]]

[[ATTACHMENT|test-results/02-quickadd-functionality--bc5d9-shows-proper-loading-states-chromium-staging-retry1/test-failed-1.png]]

[[ATTACHMENT|test-results/02-quickadd-functionality--bc5d9-shows-proper-loading-states-chromium-staging-retry1/video.webm]]

[[ATTACHMENT|test-results/02-quickadd-functionality--bc5d9-shows-proper-loading-states-chromium-staging-retry1/error-context.md]]

[[ATTACHMENT|test-results/02-quickadd-functionality--bc5d9-shows-proper-loading-states-chromium-staging-retry1/trace.zip]]
]]>
</system-out>
</testcase>
<testcase name="QuickAdd Functionality › Error handling shows user-friendly messages" classname="02-quickadd-functionality.spec.ts" time="35.229">
<failure message="02-quickadd-functionality.spec.ts:158:3 Error handling shows user-friendly messages" type="FAILURE">
<![CDATA[  [chromium-staging] › 02-quickadd-functionality.spec.ts:158:3 › QuickAdd Functionality › Error handling shows user-friendly messages 

    TimeoutError: locator.click: Timeout 15000ms exceeded.
    Call log:
      - waiting for locator('[data-testid="quick-add-button"], button:has-text("Quick Add"), .quick-add-btn, [class*="quick-add"]')


      170 |
      171 |     const quickAddTrigger = page.locator('[data-testid="quick-add-button"], button:has-text("Quick Add"), .quick-add-btn, [class*="quick-add"]');
    > 172 |     await quickAddTrigger.click();
          |                           ^
      173 |     
      174 |     await page.locator('text=Task, [data-action="task"]').click();
      175 |
        at /Users/andrewbryce/Documents/sixty-sales-dashboard/tests/e2e/02-quickadd-functionality.spec.ts:172:27

    attachment #1: screenshot (image/png) ──────────────────────────────────────────────────────────
    ../../test-results/02-quickadd-functionality--7d095-hows-user-friendly-messages-chromium-staging/test-failed-1.png
    ────────────────────────────────────────────────────────────────────────────────────────────────

    attachment #2: video (video/webm) ──────────────────────────────────────────────────────────────
    ../../test-results/02-quickadd-functionality--7d095-hows-user-friendly-messages-chromium-staging/video.webm
    ────────────────────────────────────────────────────────────────────────────────────────────────

    Error Context: ../../test-results/02-quickadd-functionality--7d095-hows-user-friendly-messages-chromium-staging/error-context.md

    Retry #1 ───────────────────────────────────────────────────────────────────────────────────────

    TimeoutError: locator.click: Timeout 15000ms exceeded.
    Call log:
      - waiting for locator('[data-testid="quick-add-button"], button:has-text("Quick Add"), .quick-add-btn, [class*="quick-add"]')


      170 |
      171 |     const quickAddTrigger = page.locator('[data-testid="quick-add-button"], button:has-text("Quick Add"), .quick-add-btn, [class*="quick-add"]');
    > 172 |     await quickAddTrigger.click();
          |                           ^
      173 |     
      174 |     await page.locator('text=Task, [data-action="task"]').click();
      175 |
        at /Users/andrewbryce/Documents/sixty-sales-dashboard/tests/e2e/02-quickadd-functionality.spec.ts:172:27

    attachment #1: screenshot (image/png) ──────────────────────────────────────────────────────────
    ../../test-results/02-quickadd-functionality--7d095-hows-user-friendly-messages-chromium-staging-retry1/test-failed-1.png
    ────────────────────────────────────────────────────────────────────────────────────────────────

    attachment #2: video (video/webm) ──────────────────────────────────────────────────────────────
    ../../test-results/02-quickadd-functionality--7d095-hows-user-friendly-messages-chromium-staging-retry1/video.webm
    ────────────────────────────────────────────────────────────────────────────────────────────────

    Error Context: ../../test-results/02-quickadd-functionality--7d095-hows-user-friendly-messages-chromium-staging-retry1/error-context.md

    attachment #4: trace (application/zip) ─────────────────────────────────────────────────────────
    ../../test-results/02-quickadd-functionality--7d095-hows-user-friendly-messages-chromium-staging-retry1/trace.zip
    Usage:

        npx playwright show-trace ../../test-results/02-quickadd-functionality--7d095-hows-user-friendly-messages-chromium-staging-retry1/trace.zip

    ────────────────────────────────────────────────────────────────────────────────────────────────
]]>
</failure>
<system-out>
<![CDATA[
[[ATTACHMENT|test-results/02-quickadd-functionality--7d095-hows-user-friendly-messages-chromium-staging/test-failed-1.png]]

[[ATTACHMENT|test-results/02-quickadd-functionality--7d095-hows-user-friendly-messages-chromium-staging/video.webm]]

[[ATTACHMENT|test-results/02-quickadd-functionality--7d095-hows-user-friendly-messages-chromium-staging/error-context.md]]

[[ATTACHMENT|test-results/02-quickadd-functionality--7d095-hows-user-friendly-messages-chromium-staging-retry1/test-failed-1.png]]

[[ATTACHMENT|test-results/02-quickadd-functionality--7d095-hows-user-friendly-messages-chromium-staging-retry1/video.webm]]

[[ATTACHMENT|test-results/02-quickadd-functionality--7d095-hows-user-friendly-messages-chromium-staging-retry1/error-context.md]]

[[ATTACHMENT|test-results/02-quickadd-functionality--7d095-hows-user-friendly-messages-chromium-staging-retry1/trace.zip]]
]]>
</system-out>
</testcase>
<testcase name="QuickAdd Functionality › Modal can be closed and reopened without issues" classname="02-quickadd-functionality.spec.ts" time="34.926">
<failure message="02-quickadd-functionality.spec.ts:188:3 Modal can be closed and reopened without issues" type="FAILURE">
<![CDATA[  [chromium-staging] › 02-quickadd-functionality.spec.ts:188:3 › QuickAdd Functionality › Modal can be closed and reopened without issues 

    TimeoutError: locator.click: Timeout 15000ms exceeded.
    Call log:
      - waiting for locator('[data-testid="quick-add-button"], button:has-text("Quick Add"), .quick-add-btn, [class*="quick-add"]')


      190 |     
      191 |     // Open modal
    > 192 |     await quickAddTrigger.click();
          |                           ^
      193 |     let modal = page.locator('[role="dialog"], .modal, [class*="quick-add-modal"]');
      194 |     await expect(modal).toBeVisible();
      195 |
        at /Users/andrewbryce/Documents/sixty-sales-dashboard/tests/e2e/02-quickadd-functionality.spec.ts:192:27

    attachment #1: screenshot (image/png) ──────────────────────────────────────────────────────────
    ../../test-results/02-quickadd-functionality--f6e8e-and-reopened-without-issues-chromium-staging/test-failed-1.png
    ────────────────────────────────────────────────────────────────────────────────────────────────

    attachment #2: video (video/webm) ──────────────────────────────────────────────────────────────
    ../../test-results/02-quickadd-functionality--f6e8e-and-reopened-without-issues-chromium-staging/video.webm
    ────────────────────────────────────────────────────────────────────────────────────────────────

    Error Context: ../../test-results/02-quickadd-functionality--f6e8e-and-reopened-without-issues-chromium-staging/error-context.md

    Retry #1 ───────────────────────────────────────────────────────────────────────────────────────

    TimeoutError: locator.click: Timeout 15000ms exceeded.
    Call log:
      - waiting for locator('[data-testid="quick-add-button"], button:has-text("Quick Add"), .quick-add-btn, [class*="quick-add"]')


      190 |     
      191 |     // Open modal
    > 192 |     await quickAddTrigger.click();
          |                           ^
      193 |     let modal = page.locator('[role="dialog"], .modal, [class*="quick-add-modal"]');
      194 |     await expect(modal).toBeVisible();
      195 |
        at /Users/andrewbryce/Documents/sixty-sales-dashboard/tests/e2e/02-quickadd-functionality.spec.ts:192:27

    attachment #1: screenshot (image/png) ──────────────────────────────────────────────────────────
    ../../test-results/02-quickadd-functionality--f6e8e-and-reopened-without-issues-chromium-staging-retry1/test-failed-1.png
    ────────────────────────────────────────────────────────────────────────────────────────────────

    attachment #2: video (video/webm) ──────────────────────────────────────────────────────────────
    ../../test-results/02-quickadd-functionality--f6e8e-and-reopened-without-issues-chromium-staging-retry1/video.webm
    ────────────────────────────────────────────────────────────────────────────────────────────────

    Error Context: ../../test-results/02-quickadd-functionality--f6e8e-and-reopened-without-issues-chromium-staging-retry1/error-context.md

    attachment #4: trace (application/zip) ─────────────────────────────────────────────────────────
    ../../test-results/02-quickadd-functionality--f6e8e-and-reopened-without-issues-chromium-staging-retry1/trace.zip
    Usage:

        npx playwright show-trace ../../test-results/02-quickadd-functionality--f6e8e-and-reopened-without-issues-chromium-staging-retry1/trace.zip

    ────────────────────────────────────────────────────────────────────────────────────────────────
]]>
</failure>
<system-out>
<![CDATA[
[[ATTACHMENT|test-results/02-quickadd-functionality--f6e8e-and-reopened-without-issues-chromium-staging/test-failed-1.png]]

[[ATTACHMENT|test-results/02-quickadd-functionality--f6e8e-and-reopened-without-issues-chromium-staging/video.webm]]

[[ATTACHMENT|test-results/02-quickadd-functionality--f6e8e-and-reopened-without-issues-chromium-staging/error-context.md]]

[[ATTACHMENT|test-results/02-quickadd-functionality--f6e8e-and-reopened-without-issues-chromium-staging-retry1/test-failed-1.png]]

[[ATTACHMENT|test-results/02-quickadd-functionality--f6e8e-and-reopened-without-issues-chromium-staging-retry1/video.webm]]

[[ATTACHMENT|test-results/02-quickadd-functionality--f6e8e-and-reopened-without-issues-chromium-staging-retry1/error-context.md]]

[[ATTACHMENT|test-results/02-quickadd-functionality--f6e8e-and-reopened-without-issues-chromium-staging-retry1/trace.zip]]
]]>
</system-out>
</testcase>
<testcase name="QuickAdd Functionality › Form fields reset correctly between actions" classname="02-quickadd-functionality.spec.ts" time="35.588">
<failure message="02-quickadd-functionality.spec.ts:213:3 Form fields reset correctly between actions" type="FAILURE">
<![CDATA[  [chromium-staging] › 02-quickadd-functionality.spec.ts:213:3 › QuickAdd Functionality › Form fields reset correctly between actions 

    TimeoutError: locator.click: Timeout 15000ms exceeded.
    Call log:
      - waiting for locator('[data-testid="quick-add-button"], button:has-text("Quick Add"), .quick-add-btn, [class*="quick-add"]')


      213 |   test('Form fields reset correctly between actions', async ({ page }) => {
      214 |     const quickAddTrigger = page.locator('[data-testid="quick-add-button"], button:has-text("Quick Add"), .quick-add-btn, [class*="quick-add"]');
    > 215 |     await quickAddTrigger.click();
          |                           ^
      216 |     
      217 |     // Select task and fill in data
      218 |     await page.locator('text=Task, [data-action="task"]').click();
        at /Users/andrewbryce/Documents/sixty-sales-dashboard/tests/e2e/02-quickadd-functionality.spec.ts:215:27

    attachment #1: screenshot (image/png) ──────────────────────────────────────────────────────────
    ../../test-results/02-quickadd-functionality--9baef-t-correctly-between-actions-chromium-staging/test-failed-1.png
    ────────────────────────────────────────────────────────────────────────────────────────────────

    attachment #2: video (video/webm) ──────────────────────────────────────────────────────────────
    ../../test-results/02-quickadd-functionality--9baef-t-correctly-between-actions-chromium-staging/video.webm
    ────────────────────────────────────────────────────────────────────────────────────────────────

    Error Context: ../../test-results/02-quickadd-functionality--9baef-t-correctly-between-actions-chromium-staging/error-context.md

    Retry #1 ───────────────────────────────────────────────────────────────────────────────────────

    TimeoutError: locator.click: Timeout 15000ms exceeded.
    Call log:
      - waiting for locator('[data-testid="quick-add-button"], button:has-text("Quick Add"), .quick-add-btn, [class*="quick-add"]')


      213 |   test('Form fields reset correctly between actions', async ({ page }) => {
      214 |     const quickAddTrigger = page.locator('[data-testid="quick-add-button"], button:has-text("Quick Add"), .quick-add-btn, [class*="quick-add"]');
    > 215 |     await quickAddTrigger.click();
          |                           ^
      216 |     
      217 |     // Select task and fill in data
      218 |     await page.locator('text=Task, [data-action="task"]').click();
        at /Users/andrewbryce/Documents/sixty-sales-dashboard/tests/e2e/02-quickadd-functionality.spec.ts:215:27

    attachment #1: screenshot (image/png) ──────────────────────────────────────────────────────────
    ../../test-results/02-quickadd-functionality--9baef-t-correctly-between-actions-chromium-staging-retry1/test-failed-1.png
    ────────────────────────────────────────────────────────────────────────────────────────────────

    attachment #2: video (video/webm) ──────────────────────────────────────────────────────────────
    ../../test-results/02-quickadd-functionality--9baef-t-correctly-between-actions-chromium-staging-retry1/video.webm
    ────────────────────────────────────────────────────────────────────────────────────────────────

    Error Context: ../../test-results/02-quickadd-functionality--9baef-t-correctly-between-actions-chromium-staging-retry1/error-context.md

    attachment #4: trace (application/zip) ─────────────────────────────────────────────────────────
    ../../test-results/02-quickadd-functionality--9baef-t-correctly-between-actions-chromium-staging-retry1/trace.zip
    Usage:

        npx playwright show-trace ../../test-results/02-quickadd-functionality--9baef-t-correctly-between-actions-chromium-staging-retry1/trace.zip

    ────────────────────────────────────────────────────────────────────────────────────────────────
]]>
</failure>
<system-out>
<![CDATA[
[[ATTACHMENT|test-results/02-quickadd-functionality--9baef-t-correctly-between-actions-chromium-staging/test-failed-1.png]]

[[ATTACHMENT|test-results/02-quickadd-functionality--9baef-t-correctly-between-actions-chromium-staging/video.webm]]

[[ATTACHMENT|test-results/02-quickadd-functionality--9baef-t-correctly-between-actions-chromium-staging/error-context.md]]

[[ATTACHMENT|test-results/02-quickadd-functionality--9baef-t-correctly-between-actions-chromium-staging-retry1/test-failed-1.png]]

[[ATTACHMENT|test-results/02-quickadd-functionality--9baef-t-correctly-between-actions-chromium-staging-retry1/video.webm]]

[[ATTACHMENT|test-results/02-quickadd-functionality--9baef-t-correctly-between-actions-chromium-staging-retry1/error-context.md]]

[[ATTACHMENT|test-results/02-quickadd-functionality--9baef-t-correctly-between-actions-chromium-staging-retry1/trace.zip]]
]]>
</system-out>
</testcase>
</testsuite>
<testsuite name="03-contact-management.spec.ts" timestamp="2026-01-09T14:15:18.190Z" hostname="chromium-staging" tests="6" failures="2" skipped="0" time="16.055" errors="0">
<testcase name="Contact Management › Can create contact without 403 Forbidden errors" classname="03-contact-management.spec.ts" time="3.558">
<failure message="03-contact-management.spec.ts:10:3 Can create contact without 403 Forbidden errors" type="FAILURE">
<![CDATA[  [chromium-staging] › 03-contact-management.spec.ts:10:3 › Contact Management › Can create contact without 403 Forbidden errors 

    Error: locator.count: Unexpected token "=" while parsing css selector "a[href*="contact"], text=/Contacts/i, nav a:has-text("Contacts")". Did you mean to CSS.escape it?

      24 |     // Navigate to contacts section
      25 |     const contactsLink = page.locator('a[href*="contact"], text=/Contacts/i, nav a:has-text("Contacts")');
    > 26 |     if (await contactsLink.count() > 0) {
         |                            ^
      27 |       await contactsLink.click();
      28 |       await page.waitForLoadState('networkidle');
      29 |     }
        at /Users/andrewbryce/Documents/sixty-sales-dashboard/tests/e2e/03-contact-management.spec.ts:26:28

    attachment #1: screenshot (image/png) ──────────────────────────────────────────────────────────
    ../../test-results/03-contact-management-Cont-e6b6c-ithout-403-Forbidden-errors-chromium-staging/test-failed-1.png
    ────────────────────────────────────────────────────────────────────────────────────────────────

    attachment #2: video (video/webm) ──────────────────────────────────────────────────────────────
    ../../test-results/03-contact-management-Cont-e6b6c-ithout-403-Forbidden-errors-chromium-staging/video.webm
    ────────────────────────────────────────────────────────────────────────────────────────────────

    Error Context: ../../test-results/03-contact-management-Cont-e6b6c-ithout-403-Forbidden-errors-chromium-staging/error-context.md

    Retry #1 ───────────────────────────────────────────────────────────────────────────────────────

    Error: locator.count: Unexpected token "=" while parsing css selector "a[href*="contact"], text=/Contacts/i, nav a:has-text("Contacts")". Did you mean to CSS.escape it?

      24 |     // Navigate to contacts section
      25 |     const contactsLink = page.locator('a[href*="contact"], text=/Contacts/i, nav a:has-text("Contacts")');
    > 26 |     if (await contactsLink.count() > 0) {
         |                            ^
      27 |       await contactsLink.click();
      28 |       await page.waitForLoadState('networkidle');
      29 |     }
        at /Users/andrewbryce/Documents/sixty-sales-dashboard/tests/e2e/03-contact-management.spec.ts:26:28

    attachment #1: screenshot (image/png) ──────────────────────────────────────────────────────────
    ../../test-results/03-contact-management-Cont-e6b6c-ithout-403-Forbidden-errors-chromium-staging-retry1/test-failed-1.png
    ────────────────────────────────────────────────────────────────────────────────────────────────

    attachment #2: video (video/webm) ──────────────────────────────────────────────────────────────
    ../../test-results/03-contact-management-Cont-e6b6c-ithout-403-Forbidden-errors-chromium-staging-retry1/video.webm
    ────────────────────────────────────────────────────────────────────────────────────────────────

    Error Context: ../../test-results/03-contact-management-Cont-e6b6c-ithout-403-Forbidden-errors-chromium-staging-retry1/error-context.md

    attachment #4: trace (application/zip) ─────────────────────────────────────────────────────────
    ../../test-results/03-contact-management-Cont-e6b6c-ithout-403-Forbidden-errors-chromium-staging-retry1/trace.zip
    Usage:

        npx playwright show-trace ../../test-results/03-contact-management-Cont-e6b6c-ithout-403-Forbidden-errors-chromium-staging-retry1/trace.zip

    ────────────────────────────────────────────────────────────────────────────────────────────────
]]>
</failure>
<system-out>
<![CDATA[
[[ATTACHMENT|test-results/03-contact-management-Cont-e6b6c-ithout-403-Forbidden-errors-chromium-staging/test-failed-1.png]]

[[ATTACHMENT|test-results/03-contact-management-Cont-e6b6c-ithout-403-Forbidden-errors-chromium-staging/video.webm]]

[[ATTACHMENT|test-results/03-contact-management-Cont-e6b6c-ithout-403-Forbidden-errors-chromium-staging/error-context.md]]

[[ATTACHMENT|test-results/03-contact-management-Cont-e6b6c-ithout-403-Forbidden-errors-chromium-staging-retry1/test-failed-1.png]]

[[ATTACHMENT|test-results/03-contact-management-Cont-e6b6c-ithout-403-Forbidden-errors-chromium-staging-retry1/video.webm]]

[[ATTACHMENT|test-results/03-contact-management-Cont-e6b6c-ithout-403-Forbidden-errors-chromium-staging-retry1/error-context.md]]

[[ATTACHMENT|test-results/03-contact-management-Cont-e6b6c-ithout-403-Forbidden-errors-chromium-staging-retry1/trace.zip]]
]]>
</system-out>
</testcase>
<testcase name="Contact Management › Contact search and selection works in QuickAdd" classname="03-contact-management.spec.ts" time="1.671">
</testcase>
<testcase name="Contact Management › Contact validation works correctly" classname="03-contact-management.spec.ts" time="1.787">
</testcase>
<testcase name="Contact Management › Contact information displays correctly" classname="03-contact-management.spec.ts" time="4.879">
<failure message="03-contact-management.spec.ts:144:3 Contact information displays correctly" type="FAILURE">
<![CDATA[  [chromium-staging] › 03-contact-management.spec.ts:144:3 › Contact Management › Contact information displays correctly 

    Error: locator.count: Unexpected token "=" while parsing css selector "a[href*="contact"], text=/Contacts/i, nav a:has-text("Contacts")". Did you mean to CSS.escape it?

      145 |     // Navigate to contacts page if exists
      146 |     const contactsLink = page.locator('a[href*="contact"], text=/Contacts/i, nav a:has-text("Contacts")');
    > 147 |     if (await contactsLink.count() > 0) {
          |                            ^
      148 |       await contactsLink.click();
      149 |       await page.waitForLoadState('networkidle');
      150 |
        at /Users/andrewbryce/Documents/sixty-sales-dashboard/tests/e2e/03-contact-management.spec.ts:147:28

    attachment #1: screenshot (image/png) ──────────────────────────────────────────────────────────
    ../../test-results/03-contact-management-Cont-9c912-ormation-displays-correctly-chromium-staging/test-failed-1.png
    ────────────────────────────────────────────────────────────────────────────────────────────────

    attachment #2: video (video/webm) ──────────────────────────────────────────────────────────────
    ../../test-results/03-contact-management-Cont-9c912-ormation-displays-correctly-chromium-staging/video.webm
    ────────────────────────────────────────────────────────────────────────────────────────────────

    Error Context: ../../test-results/03-contact-management-Cont-9c912-ormation-displays-correctly-chromium-staging/error-context.md

    Retry #1 ───────────────────────────────────────────────────────────────────────────────────────

    Error: locator.count: Unexpected token "=" while parsing css selector "a[href*="contact"], text=/Contacts/i, nav a:has-text("Contacts")". Did you mean to CSS.escape it?

      145 |     // Navigate to contacts page if exists
      146 |     const contactsLink = page.locator('a[href*="contact"], text=/Contacts/i, nav a:has-text("Contacts")');
    > 147 |     if (await contactsLink.count() > 0) {
          |                            ^
      148 |       await contactsLink.click();
      149 |       await page.waitForLoadState('networkidle');
      150 |
        at /Users/andrewbryce/Documents/sixty-sales-dashboard/tests/e2e/03-contact-management.spec.ts:147:28

    attachment #1: screenshot (image/png) ──────────────────────────────────────────────────────────
    ../../test-results/03-contact-management-Cont-9c912-ormation-displays-correctly-chromium-staging-retry1/test-failed-1.png
    ────────────────────────────────────────────────────────────────────────────────────────────────

    attachment #2: video (video/webm) ──────────────────────────────────────────────────────────────
    ../../test-results/03-contact-management-Cont-9c912-ormation-displays-correctly-chromium-staging-retry1/video.webm
    ────────────────────────────────────────────────────────────────────────────────────────────────

    Error Context: ../../test-results/03-contact-management-Cont-9c912-ormation-displays-correctly-chromium-staging-retry1/error-context.md

    attachment #4: trace (application/zip) ─────────────────────────────────────────────────────────
    ../../test-results/03-contact-management-Cont-9c912-ormation-displays-correctly-chromium-staging-retry1/trace.zip
    Usage:

        npx playwright show-trace ../../test-results/03-contact-management-Cont-9c912-ormation-displays-correctly-chromium-staging-retry1/trace.zip

    ────────────────────────────────────────────────────────────────────────────────────────────────
]]>
</failure>
<system-out>
<![CDATA[
[[ATTACHMENT|test-results/03-contact-management-Cont-9c912-ormation-displays-correctly-chromium-staging/test-failed-1.png]]

[[ATTACHMENT|test-results/03-contact-management-Cont-9c912-ormation-displays-correctly-chromium-staging/video.webm]]

[[ATTACHMENT|test-results/03-contact-management-Cont-9c912-ormation-displays-correctly-chromium-staging/error-context.md]]

[[ATTACHMENT|test-results/03-contact-management-Cont-9c912-ormation-displays-correctly-chromium-staging-retry1/test-failed-1.png]]

[[ATTACHMENT|test-results/03-contact-management-Cont-9c912-ormation-displays-correctly-chromium-staging-retry1/video.webm]]

[[ATTACHMENT|test-results/03-contact-management-Cont-9c912-ormation-displays-correctly-chromium-staging-retry1/error-context.md]]

[[ATTACHMENT|test-results/03-contact-management-Cont-9c912-ormation-displays-correctly-chromium-staging-retry1/trace.zip]]
]]>
</system-out>
</testcase>
<testcase name="Contact Management › Contact linking works in activities" classname="03-contact-management.spec.ts" time="1.771">
</testcase>
<testcase name="Contact Management › Contact modal closes properly" classname="03-contact-management.spec.ts" time="2.389">
</testcase>
</testsuite>
<testsuite name="calendar-export-import.spec.ts" timestamp="2026-01-09T14:15:18.190Z" hostname="chromium-staging" tests="16" failures="16" skipped="0" time="373.464" errors="0">
<testcase name="Calendar Export/Import › should export all calendar events to .ics file" classname="calendar-export-import.spec.ts" time="23.558">
<failure message="calendar-export-import.spec.ts:24:3 should export all calendar events to .ics file" type="FAILURE">
<![CDATA[  [chromium-staging] › calendar-export-import.spec.ts:24:3 › Calendar Export/Import › should export all calendar events to .ics file 

    TimeoutError: page.waitForSelector: Timeout 10000ms exceeded.
    Call log:
      - waiting for locator('[data-testid="calendar-view"]') to be visible


      19 |
      20 |     // Wait for calendar to load
    > 21 |     await page.waitForSelector('[data-testid="calendar-view"]', { timeout: 10000 });
         |                ^
      22 |   });
      23 |
      24 |   test('should export all calendar events to .ics file', async ({ page }) => {
        at /Users/andrewbryce/Documents/sixty-sales-dashboard/tests/e2e/calendar-export-import.spec.ts:21:16

    attachment #1: screenshot (image/png) ──────────────────────────────────────────────────────────
    ../../test-results/calendar-export-import-Cal-84248-calendar-events-to-ics-file-chromium-staging/test-failed-1.png
    ────────────────────────────────────────────────────────────────────────────────────────────────

    attachment #2: video (video/webm) ──────────────────────────────────────────────────────────────
    ../../test-results/calendar-export-import-Cal-84248-calendar-events-to-ics-file-chromium-staging/video.webm
    ────────────────────────────────────────────────────────────────────────────────────────────────

    Error Context: ../../test-results/calendar-export-import-Cal-84248-calendar-events-to-ics-file-chromium-staging/error-context.md

    Retry #1 ───────────────────────────────────────────────────────────────────────────────────────

    TimeoutError: page.waitForSelector: Timeout 10000ms exceeded.
    Call log:
      - waiting for locator('[data-testid="calendar-view"]') to be visible


      19 |
      20 |     // Wait for calendar to load
    > 21 |     await page.waitForSelector('[data-testid="calendar-view"]', { timeout: 10000 });
         |                ^
      22 |   });
      23 |
      24 |   test('should export all calendar events to .ics file', async ({ page }) => {
        at /Users/andrewbryce/Documents/sixty-sales-dashboard/tests/e2e/calendar-export-import.spec.ts:21:16

    attachment #1: screenshot (image/png) ──────────────────────────────────────────────────────────
    ../../test-results/calendar-export-import-Cal-84248-calendar-events-to-ics-file-chromium-staging-retry1/test-failed-1.png
    ────────────────────────────────────────────────────────────────────────────────────────────────

    attachment #2: video (video/webm) ──────────────────────────────────────────────────────────────
    ../../test-results/calendar-export-import-Cal-84248-calendar-events-to-ics-file-chromium-staging-retry1/video.webm
    ────────────────────────────────────────────────────────────────────────────────────────────────

    Error Context: ../../test-results/calendar-export-import-Cal-84248-calendar-events-to-ics-file-chromium-staging-retry1/error-context.md

    attachment #4: trace (application/zip) ─────────────────────────────────────────────────────────
    ../../test-results/calendar-export-import-Cal-84248-calendar-events-to-ics-file-chromium-staging-retry1/trace.zip
    Usage:

        npx playwright show-trace ../../test-results/calendar-export-import-Cal-84248-calendar-events-to-ics-file-chromium-staging-retry1/trace.zip

    ────────────────────────────────────────────────────────────────────────────────────────────────
]]>
</failure>
<system-out>
<![CDATA[
[[ATTACHMENT|test-results/calendar-export-import-Cal-84248-calendar-events-to-ics-file-chromium-staging/test-failed-1.png]]

[[ATTACHMENT|test-results/calendar-export-import-Cal-84248-calendar-events-to-ics-file-chromium-staging/video.webm]]

[[ATTACHMENT|test-results/calendar-export-import-Cal-84248-calendar-events-to-ics-file-chromium-staging/error-context.md]]

[[ATTACHMENT|test-results/calendar-export-import-Cal-84248-calendar-events-to-ics-file-chromium-staging-retry1/test-failed-1.png]]

[[ATTACHMENT|test-results/calendar-export-import-Cal-84248-calendar-events-to-ics-file-chromium-staging-retry1/video.webm]]

[[ATTACHMENT|test-results/calendar-export-import-Cal-84248-calendar-events-to-ics-file-chromium-staging-retry1/error-context.md]]

[[ATTACHMENT|test-results/calendar-export-import-Cal-84248-calendar-events-to-ics-file-chromium-staging-retry1/trace.zip]]
]]>
</system-out>
</testcase>
<testcase name="Calendar Export/Import › should export only selected events" classname="calendar-export-import.spec.ts" time="23.429">
<failure message="calendar-export-import.spec.ts:69:3 should export only selected events" type="FAILURE">
<![CDATA[  [chromium-staging] › calendar-export-import.spec.ts:69:3 › Calendar Export/Import › should export only selected events 

    TimeoutError: page.waitForSelector: Timeout 10000ms exceeded.
    Call log:
      - waiting for locator('[data-testid="calendar-view"]') to be visible


      19 |
      20 |     // Wait for calendar to load
    > 21 |     await page.waitForSelector('[data-testid="calendar-view"]', { timeout: 10000 });
         |                ^
      22 |   });
      23 |
      24 |   test('should export all calendar events to .ics file', async ({ page }) => {
        at /Users/andrewbryce/Documents/sixty-sales-dashboard/tests/e2e/calendar-export-import.spec.ts:21:16

    attachment #1: screenshot (image/png) ──────────────────────────────────────────────────────────
    ../../test-results/calendar-export-import-Cal-d4357-export-only-selected-events-chromium-staging/test-failed-1.png
    ────────────────────────────────────────────────────────────────────────────────────────────────

    attachment #2: video (video/webm) ──────────────────────────────────────────────────────────────
    ../../test-results/calendar-export-import-Cal-d4357-export-only-selected-events-chromium-staging/video.webm
    ────────────────────────────────────────────────────────────────────────────────────────────────

    Error Context: ../../test-results/calendar-export-import-Cal-d4357-export-only-selected-events-chromium-staging/error-context.md

    Retry #1 ───────────────────────────────────────────────────────────────────────────────────────

    TimeoutError: page.waitForSelector: Timeout 10000ms exceeded.
    Call log:
      - waiting for locator('[data-testid="calendar-view"]') to be visible


      19 |
      20 |     // Wait for calendar to load
    > 21 |     await page.waitForSelector('[data-testid="calendar-view"]', { timeout: 10000 });
         |                ^
      22 |   });
      23 |
      24 |   test('should export all calendar events to .ics file', async ({ page }) => {
        at /Users/andrewbryce/Documents/sixty-sales-dashboard/tests/e2e/calendar-export-import.spec.ts:21:16

    attachment #1: screenshot (image/png) ──────────────────────────────────────────────────────────
    ../../test-results/calendar-export-import-Cal-d4357-export-only-selected-events-chromium-staging-retry1/test-failed-1.png
    ────────────────────────────────────────────────────────────────────────────────────────────────

    attachment #2: video (video/webm) ──────────────────────────────────────────────────────────────
    ../../test-results/calendar-export-import-Cal-d4357-export-only-selected-events-chromium-staging-retry1/video.webm
    ────────────────────────────────────────────────────────────────────────────────────────────────

    Error Context: ../../test-results/calendar-export-import-Cal-d4357-export-only-selected-events-chromium-staging-retry1/error-context.md

    attachment #4: trace (application/zip) ─────────────────────────────────────────────────────────
    ../../test-results/calendar-export-import-Cal-d4357-export-only-selected-events-chromium-staging-retry1/trace.zip
    Usage:

        npx playwright show-trace ../../test-results/calendar-export-import-Cal-d4357-export-only-selected-events-chromium-staging-retry1/trace.zip

    ────────────────────────────────────────────────────────────────────────────────────────────────
]]>
</failure>
<system-out>
<![CDATA[
[[ATTACHMENT|test-results/calendar-export-import-Cal-d4357-export-only-selected-events-chromium-staging/test-failed-1.png]]

[[ATTACHMENT|test-results/calendar-export-import-Cal-d4357-export-only-selected-events-chromium-staging/video.webm]]

[[ATTACHMENT|test-results/calendar-export-import-Cal-d4357-export-only-selected-events-chromium-staging/error-context.md]]

[[ATTACHMENT|test-results/calendar-export-import-Cal-d4357-export-only-selected-events-chromium-staging-retry1/test-failed-1.png]]

[[ATTACHMENT|test-results/calendar-export-import-Cal-d4357-export-only-selected-events-chromium-staging-retry1/video.webm]]

[[ATTACHMENT|test-results/calendar-export-import-Cal-d4357-export-only-selected-events-chromium-staging-retry1/error-context.md]]

[[ATTACHMENT|test-results/calendar-export-import-Cal-d4357-export-only-selected-events-chromium-staging-retry1/trace.zip]]
]]>
</system-out>
</testcase>
<testcase name="Calendar Export/Import › should import events from .ics file with preview" classname="calendar-export-import.spec.ts" time="24.544">
<failure message="calendar-export-import.spec.ts:115:3 should import events from .ics file with preview" type="FAILURE">
<![CDATA[  [chromium-staging] › calendar-export-import.spec.ts:115:3 › Calendar Export/Import › should import events from .ics file with preview 

    TimeoutError: page.waitForSelector: Timeout 10000ms exceeded.
    Call log:
      - waiting for locator('[data-testid="calendar-view"]') to be visible


      19 |
      20 |     // Wait for calendar to load
    > 21 |     await page.waitForSelector('[data-testid="calendar-view"]', { timeout: 10000 });
         |                ^
      22 |   });
      23 |
      24 |   test('should export all calendar events to .ics file', async ({ page }) => {
        at /Users/andrewbryce/Documents/sixty-sales-dashboard/tests/e2e/calendar-export-import.spec.ts:21:16

    attachment #1: screenshot (image/png) ──────────────────────────────────────────────────────────
    ../../test-results/calendar-export-import-Cal-f22e2--from-ics-file-with-preview-chromium-staging/test-failed-1.png
    ────────────────────────────────────────────────────────────────────────────────────────────────

    attachment #2: video (video/webm) ──────────────────────────────────────────────────────────────
    ../../test-results/calendar-export-import-Cal-f22e2--from-ics-file-with-preview-chromium-staging/video.webm
    ────────────────────────────────────────────────────────────────────────────────────────────────

    Error Context: ../../test-results/calendar-export-import-Cal-f22e2--from-ics-file-with-preview-chromium-staging/error-context.md

    Retry #1 ───────────────────────────────────────────────────────────────────────────────────────

    TimeoutError: page.waitForSelector: Timeout 10000ms exceeded.
    Call log:
      - waiting for locator('[data-testid="calendar-view"]') to be visible


      19 |
      20 |     // Wait for calendar to load
    > 21 |     await page.waitForSelector('[data-testid="calendar-view"]', { timeout: 10000 });
         |                ^
      22 |   });
      23 |
      24 |   test('should export all calendar events to .ics file', async ({ page }) => {
        at /Users/andrewbryce/Documents/sixty-sales-dashboard/tests/e2e/calendar-export-import.spec.ts:21:16

    attachment #1: screenshot (image/png) ──────────────────────────────────────────────────────────
    ../../test-results/calendar-export-import-Cal-f22e2--from-ics-file-with-preview-chromium-staging-retry1/test-failed-1.png
    ────────────────────────────────────────────────────────────────────────────────────────────────

    attachment #2: video (video/webm) ──────────────────────────────────────────────────────────────
    ../../test-results/calendar-export-import-Cal-f22e2--from-ics-file-with-preview-chromium-staging-retry1/video.webm
    ────────────────────────────────────────────────────────────────────────────────────────────────

    Error Context: ../../test-results/calendar-export-import-Cal-f22e2--from-ics-file-with-preview-chromium-staging-retry1/error-context.md

    attachment #4: trace (application/zip) ─────────────────────────────────────────────────────────
    ../../test-results/calendar-export-import-Cal-f22e2--from-ics-file-with-preview-chromium-staging-retry1/trace.zip
    Usage:

        npx playwright show-trace ../../test-results/calendar-export-import-Cal-f22e2--from-ics-file-with-preview-chromium-staging-retry1/trace.zip

    ────────────────────────────────────────────────────────────────────────────────────────────────
]]>
</failure>
<system-out>
<![CDATA[
[[ATTACHMENT|test-results/calendar-export-import-Cal-f22e2--from-ics-file-with-preview-chromium-staging/test-failed-1.png]]

[[ATTACHMENT|test-results/calendar-export-import-Cal-f22e2--from-ics-file-with-preview-chromium-staging/video.webm]]

[[ATTACHMENT|test-results/calendar-export-import-Cal-f22e2--from-ics-file-with-preview-chromium-staging/error-context.md]]

[[ATTACHMENT|test-results/calendar-export-import-Cal-f22e2--from-ics-file-with-preview-chromium-staging-retry1/test-failed-1.png]]

[[ATTACHMENT|test-results/calendar-export-import-Cal-f22e2--from-ics-file-with-preview-chromium-staging-retry1/video.webm]]

[[ATTACHMENT|test-results/calendar-export-import-Cal-f22e2--from-ics-file-with-preview-chromium-staging-retry1/error-context.md]]

[[ATTACHMENT|test-results/calendar-export-import-Cal-f22e2--from-ics-file-with-preview-chromium-staging-retry1/trace.zip]]
]]>
</system-out>
</testcase>
<testcase name="Calendar Export/Import › should validate file type and show error for non-.ics files" classname="calendar-export-import.spec.ts" time="23.231">
<failure message="calendar-export-import.spec.ts:196:3 should validate file type and show error for non-.ics files" type="FAILURE">
<![CDATA[  [chromium-staging] › calendar-export-import.spec.ts:196:3 › Calendar Export/Import › should validate file type and show error for non-.ics files 

    TimeoutError: page.waitForSelector: Timeout 10000ms exceeded.
    Call log:
      - waiting for locator('[data-testid="calendar-view"]') to be visible


      19 |
      20 |     // Wait for calendar to load
    > 21 |     await page.waitForSelector('[data-testid="calendar-view"]', { timeout: 10000 });
         |                ^
      22 |   });
      23 |
      24 |   test('should export all calendar events to .ics file', async ({ page }) => {
        at /Users/andrewbryce/Documents/sixty-sales-dashboard/tests/e2e/calendar-export-import.spec.ts:21:16

    attachment #1: screenshot (image/png) ──────────────────────────────────────────────────────────
    ../../test-results/calendar-export-import-Cal-26d3d-ow-error-for-non--ics-files-chromium-staging/test-failed-1.png
    ────────────────────────────────────────────────────────────────────────────────────────────────

    attachment #2: video (video/webm) ──────────────────────────────────────────────────────────────
    ../../test-results/calendar-export-import-Cal-26d3d-ow-error-for-non--ics-files-chromium-staging/video.webm
    ────────────────────────────────────────────────────────────────────────────────────────────────

    Error Context: ../../test-results/calendar-export-import-Cal-26d3d-ow-error-for-non--ics-files-chromium-staging/error-context.md

    Retry #1 ───────────────────────────────────────────────────────────────────────────────────────

    TimeoutError: page.waitForSelector: Timeout 10000ms exceeded.
    Call log:
      - waiting for locator('[data-testid="calendar-view"]') to be visible


      19 |
      20 |     // Wait for calendar to load
    > 21 |     await page.waitForSelector('[data-testid="calendar-view"]', { timeout: 10000 });
         |                ^
      22 |   });
      23 |
      24 |   test('should export all calendar events to .ics file', async ({ page }) => {
        at /Users/andrewbryce/Documents/sixty-sales-dashboard/tests/e2e/calendar-export-import.spec.ts:21:16

    attachment #1: screenshot (image/png) ──────────────────────────────────────────────────────────
    ../../test-results/calendar-export-import-Cal-26d3d-ow-error-for-non--ics-files-chromium-staging-retry1/test-failed-1.png
    ────────────────────────────────────────────────────────────────────────────────────────────────

    attachment #2: video (video/webm) ──────────────────────────────────────────────────────────────
    ../../test-results/calendar-export-import-Cal-26d3d-ow-error-for-non--ics-files-chromium-staging-retry1/video.webm
    ────────────────────────────────────────────────────────────────────────────────────────────────

    Error Context: ../../test-results/calendar-export-import-Cal-26d3d-ow-error-for-non--ics-files-chromium-staging-retry1/error-context.md

    attachment #4: trace (application/zip) ─────────────────────────────────────────────────────────
    ../../test-results/calendar-export-import-Cal-26d3d-ow-error-for-non--ics-files-chromium-staging-retry1/trace.zip
    Usage:

        npx playwright show-trace ../../test-results/calendar-export-import-Cal-26d3d-ow-error-for-non--ics-files-chromium-staging-retry1/trace.zip

    ────────────────────────────────────────────────────────────────────────────────────────────────
]]>
</failure>
<system-out>
<![CDATA[
[[ATTACHMENT|test-results/calendar-export-import-Cal-26d3d-ow-error-for-non--ics-files-chromium-staging/test-failed-1.png]]

[...]


      384 |
      385 |       // Wait for update banner to appear
    > 386 |       await expect(page.getByText('New Version Available')).toBeVisible();
          |                                                             ^
      387 |
      388 |       // Use keyboard navigation to focus on Update Now button
      389 |       await page.keyboard.press('Tab');
        at /Users/andrewbryce/Documents/sixty-sales-dashboard/tests/e2e/version-update-workflow.spec.ts:386:61

    attachment #1: screenshot (image/png) ──────────────────────────────────────────────────────────
    ../../test-results/version-update-workflow-Ve-27f1f-ble-via-keyboard-navigation-chromium-staging/test-failed-1.png
    ────────────────────────────────────────────────────────────────────────────────────────────────

    attachment #2: video (video/webm) ──────────────────────────────────────────────────────────────
    ../../test-results/version-update-workflow-Ve-27f1f-ble-via-keyboard-navigation-chromium-staging/video.webm
    ────────────────────────────────────────────────────────────────────────────────────────────────

    Error Context: ../../test-results/version-update-workflow-Ve-27f1f-ble-via-keyboard-navigation-chromium-staging/error-context.md

    Retry #1 ───────────────────────────────────────────────────────────────────────────────────────

    Error: expect(locator).toBeVisible() failed

    Locator: getByText('New Version Available')
    Expected: visible
    Timeout: 5000ms
    Error: element(s) not found

    Call log:
      - Expect "toBeVisible" with timeout 5000ms
      - waiting for getByText('New Version Available')


      384 |
      385 |       // Wait for update banner to appear
    > 386 |       await expect(page.getByText('New Version Available')).toBeVisible();
          |                                                             ^
      387 |
      388 |       // Use keyboard navigation to focus on Update Now button
      389 |       await page.keyboard.press('Tab');
        at /Users/andrewbryce/Documents/sixty-sales-dashboard/tests/e2e/version-update-workflow.spec.ts:386:61

    attachment #1: screenshot (image/png) ──────────────────────────────────────────────────────────
    ../../test-results/version-update-workflow-Ve-27f1f-ble-via-keyboard-navigation-chromium-staging-retry1/test-failed-1.png
    ────────────────────────────────────────────────────────────────────────────────────────────────

    attachment #2: video (video/webm) ──────────────────────────────────────────────────────────────
    ../../test-results/version-update-workflow-Ve-27f1f-ble-via-keyboard-navigation-chromium-staging-retry1/video.webm
    ────────────────────────────────────────────────────────────────────────────────────────────────

    Error Context: ../../test-results/version-update-workflow-Ve-27f1f-ble-via-keyboard-navigation-chromium-staging-retry1/error-context.md

    attachment #4: trace (application/zip) ─────────────────────────────────────────────────────────
    ../../test-results/version-update-workflow-Ve-27f1f-ble-via-keyboard-navigation-chromium-staging-retry1/trace.zip
    Usage:

        npx playwright show-trace ../../test-results/version-update-workflow-Ve-27f1f-ble-via-keyboard-navigation-chromium-staging-retry1/trace.zip

    ────────────────────────────────────────────────────────────────────────────────────────────────
]]>
</failure>
<system-out>
<![CDATA[
[[ATTACHMENT|test-results/version-update-workflow-Ve-27f1f-ble-via-keyboard-navigation-chromium-staging/test-failed-1.png]]

[[ATTACHMENT|test-results/version-update-workflow-Ve-27f1f-ble-via-keyboard-navigation-chromium-staging/video.webm]]

[[ATTACHMENT|test-results/version-update-workflow-Ve-27f1f-ble-via-keyboard-navigation-chromium-staging/error-context.md]]

[[ATTACHMENT|test-results/version-update-workflow-Ve-27f1f-ble-via-keyboard-navigation-chromium-staging-retry1/test-failed-1.png]]

[[ATTACHMENT|test-results/version-update-workflow-Ve-27f1f-ble-via-keyboard-navigation-chromium-staging-retry1/video.webm]]

[[ATTACHMENT|test-results/version-update-workflow-Ve-27f1f-ble-via-keyboard-navigation-chromium-staging-retry1/error-context.md]]

[[ATTACHMENT|test-results/version-update-workflow-Ve-27f1f-ble-via-keyboard-navigation-chromium-staging-retry1/trace.zip]]
]]>
</system-out>
</testcase>
<testcase name="Version Update Workflow - E2E Tests › Performance and Accessibility › Should have proper ARIA labels and roles" classname="version-update-workflow.spec.ts" time="13.424">
<failure message="version-update-workflow.spec.ts:406:5 Should have proper ARIA labels and roles" type="FAILURE">
<![CDATA[  [chromium-staging] › version-update-workflow.spec.ts:406:5 › Version Update Workflow - E2E Tests › Performance and Accessibility › Should have proper ARIA labels and roles 

    Error: expect(locator).toBeVisible() failed

    Locator: getByRole('button', { name: 'Update Now' })
    Expected: visible
    Timeout: 5000ms
    Error: element(s) not found

    Call log:
      - Expect "toBeVisible" with timeout 5000ms
      - waiting for getByRole('button', { name: 'Update Now' })


      413 |
      414 |       // Verify buttons have proper roles
    > 415 |       await expect(page.getByRole('button', { name: 'Update Now' })).toBeVisible();
          |                                                                      ^
      416 |       
      417 |       // Verify expandable content is properly labeled
      418 |       const expandButton = page.locator('button').filter({ has: page.locator('[data-lucide="chevron-down"]') });
        at /Users/andrewbryce/Documents/sixty-sales-dashboard/tests/e2e/version-update-workflow.spec.ts:415:70

    attachment #1: screenshot (image/png) ──────────────────────────────────────────────────────────
    ../../test-results/version-update-workflow-Ve-72a19-roper-ARIA-labels-and-roles-chromium-staging/test-failed-1.png
    ────────────────────────────────────────────────────────────────────────────────────────────────

    attachment #2: video (video/webm) ──────────────────────────────────────────────────────────────
    ../../test-results/version-update-workflow-Ve-72a19-roper-ARIA-labels-and-roles-chromium-staging/video.webm
    ────────────────────────────────────────────────────────────────────────────────────────────────

    Error Context: ../../test-results/version-update-workflow-Ve-72a19-roper-ARIA-labels-and-roles-chromium-staging/error-context.md

    Retry #1 ───────────────────────────────────────────────────────────────────────────────────────

    Error: expect(locator).toBeVisible() failed

    Locator: getByRole('button', { name: 'Update Now' })
    Expected: visible
    Timeout: 5000ms
    Error: element(s) not found

    Call log:
      - Expect "toBeVisible" with timeout 5000ms
      - waiting for getByRole('button', { name: 'Update Now' })


      413 |
      414 |       // Verify buttons have proper roles
    > 415 |       await expect(page.getByRole('button', { name: 'Update Now' })).toBeVisible();
          |                                                                      ^
      416 |       
      417 |       // Verify expandable content is properly labeled
      418 |       const expandButton = page.locator('button').filter({ has: page.locator('[data-lucide="chevron-down"]') });
        at /Users/andrewbryce/Documents/sixty-sales-dashboard/tests/e2e/version-update-workflow.spec.ts:415:70

    attachment #1: screenshot (image/png) ──────────────────────────────────────────────────────────
    ../../test-results/version-update-workflow-Ve-72a19-roper-ARIA-labels-and-roles-chromium-staging-retry1/test-failed-1.png
    ────────────────────────────────────────────────────────────────────────────────────────────────

    attachment #2: video (video/webm) ──────────────────────────────────────────────────────────────
    ../../test-results/version-update-workflow-Ve-72a19-roper-ARIA-labels-and-roles-chromium-staging-retry1/video.webm
    ────────────────────────────────────────────────────────────────────────────────────────────────

    Error Context: ../../test-results/version-update-workflow-Ve-72a19-roper-ARIA-labels-and-roles-chromium-staging-retry1/error-context.md

    attachment #4: trace (application/zip) ─────────────────────────────────────────────────────────
    ../../test-results/version-update-workflow-Ve-72a19-roper-ARIA-labels-and-roles-chromium-staging-retry1/trace.zip
    Usage:

        npx playwright show-trace ../../test-results/version-update-workflow-Ve-72a19-roper-ARIA-labels-and-roles-chromium-staging-retry1/trace.zip

    ────────────────────────────────────────────────────────────────────────────────────────────────
]]>
</failure>
<system-out>
<![CDATA[
[[ATTACHMENT|test-results/version-update-workflow-Ve-72a19-roper-ARIA-labels-and-roles-chromium-staging/test-failed-1.png]]

[[ATTACHMENT|test-results/version-update-workflow-Ve-72a19-roper-ARIA-labels-and-roles-chromium-staging/video.webm]]

[[ATTACHMENT|test-results/version-update-workflow-Ve-72a19-roper-ARIA-labels-and-roles-chromium-staging/error-context.md]]

[[ATTACHMENT|test-results/version-update-workflow-Ve-72a19-roper-ARIA-labels-and-roles-chromium-staging-retry1/test-failed-1.png]]

[[ATTACHMENT|test-results/version-update-workflow-Ve-72a19-roper-ARIA-labels-and-roles-chromium-staging-retry1/video.webm]]

[[ATTACHMENT|test-results/version-update-workflow-Ve-72a19-roper-ARIA-labels-and-roles-chromium-staging-retry1/error-context.md]]

[[ATTACHMENT|test-results/version-update-workflow-Ve-72a19-roper-ARIA-labels-and-roles-chromium-staging-retry1/trace.zip]]
]]>
</system-out>
</testcase>
<testcase name="Version Update Workflow - E2E Tests › Cross-Browser Compatibility › Should work consistently across different browsers" classname="version-update-workflow.spec.ts" time="13.131">
<failure message="version-update-workflow.spec.ts:428:5 Should work consistently across different browsers" type="FAILURE">
<![CDATA[  [chromium-staging] › version-update-workflow.spec.ts:428:5 › Version Update Workflow - E2E Tests › Cross-Browser Compatibility › Should work consistently across different browsers 

    Error: expect(locator).toBeVisible() failed

    Locator: getByText('New Version Available')
    Expected: visible
    Timeout: 5000ms
    Error: element(s) not found

    Call log:
      - Expect "toBeVisible" with timeout 5000ms
      - waiting for getByText('New Version Available')


      435 |
      436 |       // Verify core functionality works regardless of browser
    > 437 |       await expect(page.getByText('New Version Available')).toBeVisible();
          |                                                             ^
      438 |       await expect(page.getByText('Update Now')).toBeVisible();
      439 |
      440 |       // Test update flow
        at /Users/andrewbryce/Documents/sixty-sales-dashboard/tests/e2e/version-update-workflow.spec.ts:437:61

    attachment #1: screenshot (image/png) ──────────────────────────────────────────────────────────
    ../../test-results/version-update-workflow-Ve-b7ede-y-across-different-browsers-chromium-staging/test-failed-1.png
    ────────────────────────────────────────────────────────────────────────────────────────────────

    attachment #2: video (video/webm) ──────────────────────────────────────────────────────────────
    ../../test-results/version-update-workflow-Ve-b7ede-y-across-different-browsers-chromium-staging/video.webm
    ────────────────────────────────────────────────────────────────────────────────────────────────

    Error Context: ../../test-results/version-update-workflow-Ve-b7ede-y-across-different-browsers-chromium-staging/error-context.md

    Retry #1 ───────────────────────────────────────────────────────────────────────────────────────

    Error: expect(locator).toBeVisible() failed

    Locator: getByText('New Version Available')
    Expected: visible
    Timeout: 5000ms
    Error: element(s) not found

    Call log:
      - Expect "toBeVisible" with timeout 5000ms
      - waiting for getByText('New Version Available')


      435 |
      436 |       // Verify core functionality works regardless of browser
    > 437 |       await expect(page.getByText('New Version Available')).toBeVisible();
          |                                                             ^
      438 |       await expect(page.getByText('Update Now')).toBeVisible();
      439 |
      440 |       // Test update flow
        at /Users/andrewbryce/Documents/sixty-sales-dashboard/tests/e2e/version-update-workflow.spec.ts:437:61

    attachment #1: screenshot (image/png) ──────────────────────────────────────────────────────────
    ../../test-results/version-update-workflow-Ve-b7ede-y-across-different-browsers-chromium-staging-retry1/test-failed-1.png
    ────────────────────────────────────────────────────────────────────────────────────────────────

    attachment #2: video (video/webm) ──────────────────────────────────────────────────────────────
    ../../test-results/version-update-workflow-Ve-b7ede-y-across-different-browsers-chromium-staging-retry1/video.webm
    ────────────────────────────────────────────────────────────────────────────────────────────────

    Error Context: ../../test-results/version-update-workflow-Ve-b7ede-y-across-different-browsers-chromium-staging-retry1/error-context.md

    attachment #4: trace (application/zip) ─────────────────────────────────────────────────────────
    ../../test-results/version-update-workflow-Ve-b7ede-y-across-different-browsers-chromium-staging-retry1/trace.zip
    Usage:

        npx playwright show-trace ../../test-results/version-update-workflow-Ve-b7ede-y-across-different-browsers-chromium-staging-retry1/trace.zip

    ────────────────────────────────────────────────────────────────────────────────────────────────
]]>
</failure>
<system-out>
<![CDATA[
[[ATTACHMENT|test-results/version-update-workflow-Ve-b7ede-y-across-different-browsers-chromium-staging/test-failed-1.png]]

[[ATTACHMENT|test-results/version-update-workflow-Ve-b7ede-y-across-different-browsers-chromium-staging/video.webm]]

[[ATTACHMENT|test-results/version-update-workflow-Ve-b7ede-y-across-different-browsers-chromium-staging/error-context.md]]

[[ATTACHMENT|test-results/version-update-workflow-Ve-b7ede-y-across-different-browsers-chromium-staging-retry1/test-failed-1.png]]

[[ATTACHMENT|test-results/version-update-workflow-Ve-b7ede-y-across-different-browsers-chromium-staging-retry1/video.webm]]

[[ATTACHMENT|test-results/version-update-workflow-Ve-b7ede-y-across-different-browsers-chromium-staging-retry1/error-context.md]]

[[ATTACHMENT|test-results/version-update-workflow-Ve-b7ede-y-across-different-browsers-chromium-staging-retry1/trace.zip]]
]]>
</system-out>
</testcase>
<testcase name="Version Update Workflow - E2E Tests › Real-time Updates › Should detect version changes during polling" classname="version-update-workflow.spec.ts" time="13.25">
<failure message="version-update-workflow.spec.ts:459:5 Should detect version changes during polling" type="FAILURE">
<![CDATA[  [chromium-staging] › version-update-workflow.spec.ts:459:5 › Version Update Workflow - E2E Tests › Real-time Updates › Should detect version changes during polling 

    Error: expect(locator).toBeVisible() failed

    Locator: getByText('Current Version')
    Expected: visible
    Timeout: 5000ms
    Error: element(s) not found

    Call log:
      - Expect "toBeVisible" with timeout 5000ms
      - waiting for getByText('Current Version')


      483 |
      484 |       // Verify no update initially
    > 485 |       await expect(page.getByText('Current Version')).toBeVisible();
          |                                                       ^
      486 |       await expect(page.getByText('New Version Available')).not.toBeVisible();
      487 |
      488 |       // Simulate new version becoming available
        at /Users/andrewbryce/Documents/sixty-sales-dashboard/tests/e2e/version-update-workflow.spec.ts:485:55

    attachment #1: screenshot (image/png) ──────────────────────────────────────────────────────────
    ../../test-results/version-update-workflow-Ve-5b6b2-sion-changes-during-polling-chromium-staging/test-failed-1.png
    ────────────────────────────────────────────────────────────────────────────────────────────────

    attachment #2: video (video/webm) ──────────────────────────────────────────────────────────────
    ../../test-results/version-update-workflow-Ve-5b6b2-sion-changes-during-polling-chromium-staging/video.webm
    ────────────────────────────────────────────────────────────────────────────────────────────────

    Error Context: ../../test-results/version-update-workflow-Ve-5b6b2-sion-changes-during-polling-chromium-staging/error-context.md

    Retry #1 ───────────────────────────────────────────────────────────────────────────────────────

    Error: expect(locator).toBeVisible() failed

    Locator: getByText('Current Version')
    Expected: visible
    Timeout: 5000ms
    Error: element(s) not found

    Call log:
      - Expect "toBeVisible" with timeout 5000ms
      - waiting for getByText('Current Version')


      483 |
      484 |       // Verify no update initially
    > 485 |       await expect(page.getByText('Current Version')).toBeVisible();
          |                                                       ^
      486 |       await expect(page.getByText('New Version Available')).not.toBeVisible();
      487 |
      488 |       // Simulate new version becoming available
        at /Users/andrewbryce/Documents/sixty-sales-dashboard/tests/e2e/version-update-workflow.spec.ts:485:55

    attachment #1: screenshot (image/png) ──────────────────────────────────────────────────────────
    ../../test-results/version-update-workflow-Ve-5b6b2-sion-changes-during-polling-chromium-staging-retry1/test-failed-1.png
    ────────────────────────────────────────────────────────────────────────────────────────────────

    attachment #2: video (video/webm) ──────────────────────────────────────────────────────────────
    ../../test-results/version-update-workflow-Ve-5b6b2-sion-changes-during-polling-chromium-staging-retry1/video.webm
    ────────────────────────────────────────────────────────────────────────────────────────────────

    Error Context: ../../test-results/version-update-workflow-Ve-5b6b2-sion-changes-during-polling-chromium-staging-retry1/error-context.md

    attachment #4: trace (application/zip) ─────────────────────────────────────────────────────────
    ../../test-results/version-update-workflow-Ve-5b6b2-sion-changes-during-polling-chromium-staging-retry1/trace.zip
    Usage:

        npx playwright show-trace ../../test-results/version-update-workflow-Ve-5b6b2-sion-changes-during-polling-chromium-staging-retry1/trace.zip

    ────────────────────────────────────────────────────────────────────────────────────────────────
]]>
</failure>
<system-out>
<![CDATA[
[[ATTACHMENT|test-results/version-update-workflow-Ve-5b6b2-sion-changes-during-polling-chromium-staging/test-failed-1.png]]

[[ATTACHMENT|test-results/version-update-workflow-Ve-5b6b2-sion-changes-during-polling-chromium-staging/video.webm]]

[[ATTACHMENT|test-results/version-update-workflow-Ve-5b6b2-sion-changes-during-polling-chromium-staging/error-context.md]]

[[ATTACHMENT|test-results/version-update-workflow-Ve-5b6b2-sion-changes-during-polling-chromium-staging-retry1/test-failed-1.png]]

[[ATTACHMENT|test-results/version-update-workflow-Ve-5b6b2-sion-changes-during-polling-chromium-staging-retry1/video.webm]]

[[ATTACHMENT|test-results/version-update-workflow-Ve-5b6b2-sion-changes-during-polling-chromium-staging-retry1/error-context.md]]

[[ATTACHMENT|test-results/version-update-workflow-Ve-5b6b2-sion-changes-during-polling-chromium-staging-retry1/trace.zip]]
]]>
</system-out>
</testcase>
</testsuite>
</testsuites>